#
# A fatal error has been detected by the Java Runtime Environment:
#
#  SIGSEGV (0xb) at pc=0x00007fff5da23f65, pid=22936, tid=52235
#
# JRE version: Java(TM) SE Runtime Environment (8.0_51-b16) (build 1.8.0_51-b16)
# Java VM: Java HotSpot(TM) 64-Bit Server VM (25.51-b03 mixed mode bsd-amd64 compressed oops)
# Problematic frame:
# C  [GLEngine+0x147f65]  gleRunVertexSubmitImmediate+0x1e75
#
# Failed to write core dump. Core dumps have been disabled. To enable core dumping, try "ulimit -c unlimited" before starting Java again
#
# If you would like to submit a bug report, please visit:
#   http://bugreport.java.com/bugreport/crash.jsp
# The crash happened outside the Java Virtual Machine in native code.
# See problematic frame for where to report the bug.
#

---------------  T H R E A D  ---------------

Current thread (0x00007fa5c8250000):  JavaThread "AWT-EventQueue-0" [_thread_in_native, id=52235, stack(0x00007000032fd000,0x00007000033fd000)]

siginfo: si_signo: 11 (SIGSEGV), si_code: 1 (SEGV_MAPERR), si_addr: 0x0000000000000000

Registers:
RAX=0x0000000000000000, RBX=0x0000000000000006, RCX=0x0000000000000006, RDX=0x00007fff5da23b9a
RSP=0x00007000033fb0e0, RBP=0x00007000033fb280, RSI=0x0000000000000000, RDI=0x0000000000000003
R8 =0x0000000000000006, R9 =0x00007fa5ca53f330, R10=0x0000000000000c33, R11=0x0000000000000001
R12=0x0000000000000000, R13=0x000000018660108b, R14=0x0000000000000000, R15=0x00000c3300845800
RIP=0x00007fff5da23f65, EFLAGS=0x0000000000010297, ERR=0x0000000000000004
  TRAPNO=0x000000000000000e

Top of Stack: (sp=0x00007000033fb0e0)
0x00007000033fb0e0:   0f30000a00108031 00000001216f9140
0x00007000033fb0f0:   00000001216f9170 00000001216f9150
0x00007000033fb100:   00000001216f9180 00000001216f9160
0x00007000033fb110:   00000001216f91a0 0000000000000000
0x00007000033fb120:   0000000000000000 00000001216f9190
0x00007000033fb130:   0000000000000002 0100000100000001
0x00007000033fb140:   ffffffffffffffff ffffffffffffffff
0x00007000033fb150:   000000043b008081 0000000000000005
0x00007000033fb160:   00007fa5ca53f330 00007000033fb218
0x00007000033fb170:   0000000000000000 0000000000000000
0x00007000033fb180:   fffffffffffffffe ffffffffffffffff
0x00007000033fb190:   00000001216f91a0 0000000300000006
0x00007000033fb1a0:   ffffffffffffffff ffffffffffffffff
0x00007000033fb1b0:   ffffffffffffffff 00000001216f9000
0x00007000033fb1c0:   ffffffffffffffff ffffffffffffffff
0x00007000033fb1d0:   ffffffff3f800000 ffffffffffffffff
0x00007000033fb1e0:   0000000000000000 0000000000000000
0x00007000033fb1f0:   0000000000000000 00007fff4b7a47ca
0x00007000033fb200:   0000000000001fe0 000000012166e2b0
0x00007000033fb210:   0000000000000000 0000000124d531e0
0x00007000033fb220:   0000000124d58be0 0000000000000000
0x00007000033fb230:   00000001216fcda0 00000001216fcfb0
0x00007000033fb240:   00007fa5c845f5c0 0000000000000000
0x00007000033fb250:   6ffd4f0ff7da009b 0000000000000000
0x00007000033fb260:   00000000000002d0 00000001216f9000
0x00007000033fb270:   00000000000002d0 00000000000002d0
0x00007000033fb280:   00007000033fb2f0 00007fff5d98572f
0x00007000033fb290:   00007000033fb2e0 00007fa5c845f640
0x00007000033fb2a0:   0000000000000002 0000000000000002
0x00007000033fb2b0:   00000000000002d0 0000000021b15ff0
0x00007000033fb2c0:   00007fa5c845f200 0000000121b15ff0
0x00007000033fb2d0:   0000000000000000 0000000121b15ff0 

Instructions: (pc=0x00007fff5da23f65)
0x00007fff5da23f45:   c6 00 00 80 ff f7 c1 00 02 00 00 74 ed 81 e2 fe
0x00007fff5da23f55:   03 00 00 eb 20 c1 e6 0d 81 c6 00 00 00 38 eb 15
0x00007fff5da23f65:   f2 0f 10 20 f3 0f 10 40 08 0f 16 e0 e9 6a 01 00
0x00007fff5da23f75:   00 31 f6 31 d2 c1 e2 0d 09 f2 09 c2 89 95 2c ff 

Register to memory mapping:

RAX=0x0000000000000000 is an unknown value
RBX=0x0000000000000006 is an unknown value
RCX=0x0000000000000006 is an unknown value
RDX=0x00007fff5da23b9a: gleRunVertexSubmitImmediate+0x1aaa in /System/Library/Frameworks/OpenGL.framework/Versions/A/Resources/GLEngine.bundle/GLEngine at 0x00007fff5d8dc000
RSP=0x00007000033fb0e0 is pointing into the stack for thread: 0x00007fa5c8250000
RBP=0x00007000033fb280 is pointing into the stack for thread: 0x00007fa5c8250000
RSI=0x0000000000000000 is an unknown value
RDI=0x0000000000000003 is an unknown value
R8 =0x0000000000000006 is an unknown value
R9 =0x00007fa5ca53f330 is an unknown value
R10=0x0000000000000c33 is an unknown value
R11=0x0000000000000001 is an unknown value
R12=0x0000000000000000 is an unknown value
R13=0x000000018660108b is an unknown value
R14=0x0000000000000000 is an unknown value
R15=0x00000c3300845800 is an unknown value


Stack: [0x00007000032fd000,0x00007000033fd000],  sp=0x00007000033fb0e0,  free space=1016k
Native frames: (J=compiled Java code, j=interpreted, Vv=VM code, C=native code)
C  [GLEngine+0x147f65]  gleRunVertexSubmitImmediate+0x1e75
C  [GLEngine+0xa972f]  glDrawArrays_GL3Exec+0x22c
C  [libjogl_desktop.jnilib+0x28560]  Java_jogamp_opengl_gl4_GL4bcImpl_dispatch_1glDrawArrays1__IIIJ+0x40
j  jogamp.opengl.gl4.GL4bcImpl.dispatch_glDrawArrays1(IIIJ)V+0
j  jogamp.opengl.gl4.GL4bcImpl.glDrawArrays(III)V+45
j  project2.ProjectTransformation.drawPointArray([F[FI)V+111
j  project2.ProjectTransformation.circleOfPoints()V+10
j  project2.ProjectTransformation.display(Lcom/jogamp/opengl/GLAutoDrawable;)V+39
j  jogamp.opengl.GLDrawableHelper.displayImpl(Lcom/jogamp/opengl/GLAutoDrawable;)V+62
j  jogamp.opengl.GLDrawableHelper.display(Lcom/jogamp/opengl/GLAutoDrawable;)V+2
j  com.jogamp.opengl.awt.GLCanvas$11.run()V+118
j  jogamp.opengl.GLDrawableHelper.invokeGLImpl(Lcom/jogamp/opengl/GLDrawable;Lcom/jogamp/opengl/GLContext;Ljava/lang/Runnable;Ljava/lang/Runnable;)V+203
j  jogamp.opengl.GLDrawableHelper.invokeGL(Lcom/jogamp/opengl/GLDrawable;Lcom/jogamp/opengl/GLContext;Ljava/lang/Runnable;Ljava/lang/Runnable;)V+72
j  com.jogamp.opengl.awt.GLCanvas$12.run()V+104
j  java.awt.event.InvocationEvent.dispatch()V+11
j  java.awt.EventQueue.dispatchEventImpl(Ljava/awt/AWTEvent;Ljava/lang/Object;)V+21
j  java.awt.EventQueue.access$500(Ljava/awt/EventQueue;Ljava/awt/AWTEvent;Ljava/lang/Object;)V+3
j  java.awt.EventQueue$3.run()Ljava/lang/Void;+32
j  java.awt.EventQueue$3.run()Ljava/lang/Object;+1
v  ~StubRoutines::call_stub
V  [libjvm.dylib+0x2e01e2]  JavaCalls::call_helper(JavaValue*, methodHandle*, JavaCallArguments*, Thread*)+0x6ae
V  [libjvm.dylib+0x3386d0]  JVM_DoPrivileged+0x4b8
j  java.security.AccessController.doPrivileged(Ljava/security/PrivilegedAction;Ljava/security/AccessControlContext;)Ljava/lang/Object;+0
j  java.security.ProtectionDomain$1.doIntersectionPrivilege(Ljava/security/PrivilegedAction;Ljava/security/AccessControlContext;Ljava/security/AccessControlContext;)Ljava/lang/Object;+28
j  java.awt.EventQueue.dispatchEvent(Ljava/awt/AWTEvent;)V+46
j  java.awt.EventDispatchThread.pumpOneEventForFilters(I)V+245
j  java.awt.EventDispatchThread.pumpEventsForFilter(ILjava/awt/Conditional;Ljava/awt/EventFilter;)V+35
j  java.awt.EventDispatchThread.pumpEventsForHierarchy(ILjava/awt/Conditional;Ljava/awt/Component;)V+11
j  java.awt.EventDispatchThread.pumpEvents(ILjava/awt/Conditional;)V+4
j  java.awt.EventDispatchThread.pumpEvents(Ljava/awt/Conditional;)V+3
j  java.awt.EventDispatchThread.run()V+9
v  ~StubRoutines::call_stub
V  [libjvm.dylib+0x2e01e2]  JavaCalls::call_helper(JavaValue*, methodHandle*, JavaCallArguments*, Thread*)+0x6ae
V  [libjvm.dylib+0x2e0970]  JavaCalls::call_virtual(JavaValue*, KlassHandle, Symbol*, Symbol*, JavaCallArguments*, Thread*)+0x164
V  [libjvm.dylib+0x2e0b1c]  JavaCalls::call_virtual(JavaValue*, Handle, KlassHandle, Symbol*, Symbol*, Thread*)+0x4a
V  [libjvm.dylib+0x33305d]  thread_entry(JavaThread*, Thread*)+0x7c
V  [libjvm.dylib+0x549a6f]  JavaThread::thread_main_inner()+0x9b
V  [libjvm.dylib+0x54b160]  JavaThread::run()+0x1c2
V  [libjvm.dylib+0x46e99e]  java_start(Thread*)+0xf6
C  [libsystem_pthread.dylib+0x32eb]  _pthread_body+0x7e
C  [libsystem_pthread.dylib+0x6249]  _pthread_start+0x42
C  [libsystem_pthread.dylib+0x240d]  thread_start+0xd
C  0x0000000000000000

Java frames: (J=compiled Java code, j=interpreted, Vv=VM code)
j  jogamp.opengl.gl4.GL4bcImpl.dispatch_glDrawArrays1(IIIJ)V+0
j  jogamp.opengl.gl4.GL4bcImpl.glDrawArrays(III)V+45
j  project2.ProjectTransformation.drawPointArray([F[FI)V+111
j  project2.ProjectTransformation.circleOfPoints()V+10
j  project2.ProjectTransformation.display(Lcom/jogamp/opengl/GLAutoDrawable;)V+39
j  jogamp.opengl.GLDrawableHelper.displayImpl(Lcom/jogamp/opengl/GLAutoDrawable;)V+62
j  jogamp.opengl.GLDrawableHelper.display(Lcom/jogamp/opengl/GLAutoDrawable;)V+2
j  com.jogamp.opengl.awt.GLCanvas$11.run()V+118
j  jogamp.opengl.GLDrawableHelper.invokeGLImpl(Lcom/jogamp/opengl/GLDrawable;Lcom/jogamp/opengl/GLContext;Ljava/lang/Runnable;Ljava/lang/Runnable;)V+203
j  jogamp.opengl.GLDrawableHelper.invokeGL(Lcom/jogamp/opengl/GLDrawable;Lcom/jogamp/opengl/GLContext;Ljava/lang/Runnable;Ljava/lang/Runnable;)V+72
j  com.jogamp.opengl.awt.GLCanvas$12.run()V+104
j  java.awt.event.InvocationEvent.dispatch()V+11
j  java.awt.EventQueue.dispatchEventImpl(Ljava/awt/AWTEvent;Ljava/lang/Object;)V+21
j  java.awt.EventQueue.access$500(Ljava/awt/EventQueue;Ljava/awt/AWTEvent;Ljava/lang/Object;)V+3
j  java.awt.EventQueue$3.run()Ljava/lang/Void;+32
j  java.awt.EventQueue$3.run()Ljava/lang/Object;+1
v  ~StubRoutines::call_stub
j  java.security.AccessController.doPrivileged(Ljava/security/PrivilegedAction;Ljava/security/AccessControlContext;)Ljava/lang/Object;+0
j  java.security.ProtectionDomain$1.doIntersectionPrivilege(Ljava/security/PrivilegedAction;Ljava/security/AccessControlContext;Ljava/security/AccessControlContext;)Ljava/lang/Object;+28
j  java.awt.EventQueue.dispatchEvent(Ljava/awt/AWTEvent;)V+46
j  java.awt.EventDispatchThread.pumpOneEventForFilters(I)V+245
j  java.awt.EventDispatchThread.pumpEventsForFilter(ILjava/awt/Conditional;Ljava/awt/EventFilter;)V+35
j  java.awt.EventDispatchThread.pumpEventsForHierarchy(ILjava/awt/Conditional;Ljava/awt/Component;)V+11
j  java.awt.EventDispatchThread.pumpEvents(ILjava/awt/Conditional;)V+4
j  java.awt.EventDispatchThread.pumpEvents(Ljava/awt/Conditional;)V+3
j  java.awt.EventDispatchThread.run()V+9
v  ~StubRoutines::call_stub

---------------  P R O C E S S  ---------------

Java Threads: ( => current thread )
  0x00007fa5c810a000 JavaThread "DestroyJavaVM" [_thread_blocked, id=9987, stack(0x0000700001ebb000,0x0000700001fbb000)]
  0x00007fa5c8059000 JavaThread "main-FPSAWTAnimator#00-Timer0" [_thread_blocked, id=54799, stack(0x0000700003483000,0x0000700003583000)]
=>0x00007fa5c8250000 JavaThread "AWT-EventQueue-0" [_thread_in_native, id=52235, stack(0x00007000032fd000,0x00007000033fd000)]
  0x00007fa5c8221800 JavaThread "Java2D Disposer" daemon [_thread_blocked, id=75791, stack(0x00007000031fa000,0x00007000032fa000)]
  0x00007fa5c9942000 JavaThread "Java2D Queue Flusher" daemon [_thread_blocked, id=35823, stack(0x0000700002ff1000,0x00007000030f1000)]
  0x00007fa5c8136800 JavaThread "Attach Listener" daemon [_thread_blocked, id=81423, stack(0x00007000030f7000,0x00007000031f7000)]
  0x00007fa5c911b800 JavaThread "AWT-Shutdown" [_thread_blocked, id=25899, stack(0x0000700002de8000,0x0000700002ee8000)]
  0x00007fa5c8860000 JavaThread "AWT-AppKit" daemon [_thread_blocked, id=775, stack(0x00007ffee9278000,0x00007ffee9a78000)]
  0x00007fa5c8021800 JavaThread "Service Thread" daemon [_thread_blocked, id=15107, stack(0x0000700002be2000,0x0000700002ce2000)]
  0x00007fa5c90d7000 JavaThread "C1 CompilerThread2" daemon [_thread_blocked, id=18179, stack(0x0000700002adf000,0x0000700002bdf000)]
  0x00007fa5c8838000 JavaThread "C2 CompilerThread1" daemon [_thread_blocked, id=14339, stack(0x00007000029dc000,0x0000700002adc000)]
  0x00007fa5c8837000 JavaThread "C2 CompilerThread0" daemon [_thread_blocked, id=13827, stack(0x00007000028d9000,0x00007000029d9000)]
  0x00007fa5c9840800 JavaThread "Monitor Ctrl-Break" daemon [_thread_in_native, id=18691, stack(0x00007000027d6000,0x00007000028d6000)]
  0x00007fa5c903a800 JavaThread "Signal Dispatcher" daemon [_thread_blocked, id=19203, stack(0x00007000026d3000,0x00007000027d3000)]
  0x00007fa5c8810000 JavaThread "Finalizer" daemon [_thread_blocked, id=11779, stack(0x00007000025d0000,0x00007000026d0000)]
  0x00007fa5c880f800 JavaThread "Reference Handler" daemon [_thread_blocked, id=20739, stack(0x00007000024cd000,0x00007000025cd000)]

Other Threads:
  0x00007fa5c902a000 VMThread [stack: 0x00007000023ca000,0x00007000024ca000] [id=21251]
  0x00007fa5c9873800 WatcherThread [stack: 0x0000700002ce5000,0x0000700002de5000] [id=15363]

VM state:not at safepoint (normal execution)

VM Mutex/Monitor currently owned by a thread: None

Heap:
 PSYoungGen      total 38400K, used 9742K [0x0000000795580000, 0x0000000798000000, 0x00000007c0000000)
  eden space 33280K, 13% used [0x0000000795580000,0x0000000795a0c7d0,0x0000000797600000)
  from space 5120K, 99% used [0x0000000797600000,0x0000000797af71b0,0x0000000797b00000)
  to   space 5120K, 0% used [0x0000000797b00000,0x0000000797b00000,0x0000000798000000)
 ParOldGen       total 87552K, used 8K [0x0000000740000000, 0x0000000745580000, 0x0000000795580000)
  object space 87552K, 0% used [0x0000000740000000,0x0000000740002000,0x0000000745580000)
 Metaspace       used 14636K, capacity 14820K, committed 15232K, reserved 1062912K
  class space    used 1504K, capacity 1563K, committed 1664K, reserved 1048576K

Card table byte_map: [0x0000000107dd0000,0x00000001081d1000] byte_map_base: 0x00000001043d0000

Marking Bits: (ParMarkBitMap*) 0x00000001072c27a0
 Begin Bits: [0x000000010847c000, 0x000000010a47c000)
 End Bits:   [0x000000010a47c000, 0x000000010c47c000)

Polling page: 0x0000000107969000

CodeCache: size=245760Kb used=3110Kb max_used=3116Kb free=242649Kb
 bounds [0x000000010e0c0000, 0x000000010e3d0000, 0x000000011d0c0000]
 total_blobs=1534 nmethods=743 adapters=705
 compilation: enabled

Compilation events (10 events):
Event: 10.212 Thread 0x00007fa5c90d7000 nmethod 737 0x000000010e3c8ad0 code [0x000000010e3c8c60, 0x000000010e3c9118]
Event: 10.212 Thread 0x00007fa5c90d7000  738       3       java.nio.HeapCharBuffer::get (15 bytes)
Event: 10.212 Thread 0x00007fa5c8838000 nmethod 739 0x000000010e3c5710 code [0x000000010e3c5860, 0x000000010e3c5958]
Event: 10.212 Thread 0x00007fa5c90d7000 nmethod 738 0x000000010e3cba50 code [0x000000010e3cbbc0, 0x000000010e3cbe50]
Event: 10.212 Thread 0x00007fa5c90d7000  740       3       java.util.regex.Pattern$Dot::isSatisfiedBy (34 bytes)
Event: 10.212 Thread 0x00007fa5c90d7000 nmethod 740 0x000000010e3cb610 code [0x000000010e3cb780, 0x000000010e3cb9f0]
Event: 10.212 Thread 0x00007fa5c90d7000  741       3       java.util.regex.Matcher::getTextLength (10 bytes)
Event: 10.212 Thread 0x00007fa5c90d7000 nmethod 741 0x000000010e3cb1d0 code [0x000000010e3cb340, 0x000000010e3cb568]
Event: 10.218 Thread 0x00007fa5c90d7000  742       3       java.nio.CharBuffer::arrayOffset (35 bytes)
Event: 10.218 Thread 0x00007fa5c90d7000 nmethod 742 0x000000010e3cabd0 code [0x000000010e3cad60, 0x000000010e3cb078]

GC Heap History (2 events):
Event: 9.914 GC heap before
{Heap before GC invocations=1 (full 0):
 PSYoungGen      total 38400K, used 33280K [0x0000000795580000, 0x0000000798000000, 0x00000007c0000000)
  eden space 33280K, 100% used [0x0000000795580000,0x0000000797600000,0x0000000797600000)
  from space 5120K, 0% used [0x0000000797b00000,0x0000000797b00000,0x0000000798000000)
  to   space 5120K, 0% used [0x0000000797600000,0x0000000797600000,0x0000000797b00000)
 ParOldGen       total 87552K, used 0K [0x0000000740000000, 0x0000000745580000, 0x0000000795580000)
  object space 87552K, 0% used [0x0000000740000000,0x0000000740000000,0x0000000745580000)
 Metaspace       used 13337K, capacity 13476K, committed 13824K, reserved 1060864K
  class space    used 1362K, capacity 1435K, committed 1536K, reserved 1048576K
Event: 9.921 GC heap after
Heap after GC invocations=1 (full 0):
 PSYoungGen      total 38400K, used 5084K [0x0000000795580000, 0x0000000798000000, 0x00000007c0000000)
  eden space 33280K, 0% used [0x0000000795580000,0x0000000795580000,0x0000000797600000)
  from space 5120K, 99% used [0x0000000797600000,0x0000000797af71b0,0x0000000797b00000)
  to   space 5120K, 0% used [0x0000000797b00000,0x0000000797b00000,0x0000000798000000)
 ParOldGen       total 87552K, used 8K [0x0000000740000000, 0x0000000745580000, 0x0000000795580000)
  object space 87552K, 0% used [0x0000000740000000,0x0000000740002000,0x0000000745580000)
 Metaspace       used 13337K, capacity 13476K, committed 13824K, reserved 1060864K
  class space    used 1362K, capacity 1435K, committed 1536K, reserved 1048576K
}

Deoptimization events (3 events):
Event: 8.317 Thread 0x00007fa5c9001000 Uncommon trap: reason=unstable_if action=reinterpret pc=0x000000010e27e894 method=java.lang.String.indexOf([CII[CIII)I @ 3
Event: 8.721 Thread 0x00007fa5c9001000 Uncommon trap: reason=unstable_if action=reinterpret pc=0x000000010e27b074 method=java.lang.String.startsWith(Ljava/lang/String;I)Z @ 25
Event: 10.139 Thread 0x00007fa5c8250000 Uncommon trap: reason=unstable_if action=reinterpret pc=0x000000010e376e4c method=java.lang.String.lastIndexOf([CII[CIII)I @ 17

Internal exceptions (10 events):
Event: 0.349 Thread 0x00007fa5c9001000 Exception <a 'java/security/PrivilegedActionException'> (0x00000007959e71f8) thrown at [/Users/java_re/workspace/8-2-build-macosx-x86_64/jdk8u51/3951/hotspot/src/share/vm/prims/jvm.cpp, line 1382]
Event: 0.349 Thread 0x00007fa5c9001000 Exception <a 'java/security/PrivilegedActionException'> (0x00000007959e73b0) thrown at [/Users/java_re/workspace/8-2-build-macosx-x86_64/jdk8u51/3951/hotspot/src/share/vm/prims/jvm.cpp, line 1382]
Event: 0.350 Thread 0x00007fa5c9001000 Exception <a 'java/security/PrivilegedActionException'> (0x00000007959ea5a0) thrown at [/Users/java_re/workspace/8-2-build-macosx-x86_64/jdk8u51/3951/hotspot/src/share/vm/prims/jvm.cpp, line 1382]
Event: 0.350 Thread 0x00007fa5c9001000 Exception <a 'java/security/PrivilegedActionException'> (0x00000007959ea758) thrown at [/Users/java_re/workspace/8-2-build-macosx-x86_64/jdk8u51/3951/hotspot/src/share/vm/prims/jvm.cpp, line 1382]
Event: 8.073 Thread 0x00007fa5c9001000 Exception <a 'java/io/FileNotFoundException'> (0x00000007959f6440) thrown at [/Users/java_re/workspace/8-2-build-macosx-x86_64/jdk8u51/3951/hotspot/src/share/vm/prims/jni.cpp, line 709]
Event: 8.073 Thread 0x00007fa5c9001000 Exception <a 'java/io/FileNotFoundException'> (0x00000007959f6f80) thrown at [/Users/java_re/workspace/8-2-build-macosx-x86_64/jdk8u51/3951/hotspot/src/share/vm/prims/jni.cpp, line 709]
Event: 8.145 Thread 0x00007fa5c9001000 Exception <a 'java/lang/NoSuchFieldError': method resolution failed> (0x0000000795dab150) thrown at [/Users/java_re/workspace/8-2-build-macosx-x86_64/jdk8u51/3951/hotspot/src/share/vm/prims/methodHandles.cpp, line 1125]
Event: 8.148 Thread 0x00007fa5c9001000 Exception <a 'java/lang/NoSuchFieldError': method resolution failed> (0x0000000795dba638) thrown at [/Users/java_re/workspace/8-2-build-macosx-x86_64/jdk8u51/3951/hotspot/src/share/vm/prims/methodHandles.cpp, line 1125]
Event: 8.363 Thread 0x00007fa5c9001000 Exception <a 'java/lang/UnsatisfiedLinkError': com.jogamp.common.util.JarUtil.fixNativeLibAttribs(Ljava/lang/String;)Z> (0x00000007963664b8) thrown at [/Users/java_re/workspace/8-2-build-macosx-x86_64/jdk8u51/3951/hotspot/src/share/vm/prims/nativeLookup.c
Event: 9.923 Thread 0x00007fa5c8810000 Exception <a 'java/lang/NullPointerException'> (0x000000079566d018) thrown at [/Users/java_re/workspace/8-2-build-macosx-x86_64/jdk8u51/3951/hotspot/src/share/vm/interpreter/linkResolver.cpp, line 1178]

Events (10 events):
Event: 10.207 loading class sun/nio/ch/Util$BufferCache
Event: 10.207 loading class sun/nio/ch/Util$BufferCache done
Event: 10.209 loading class sun/nio/ch/IOStatus
Event: 10.209 loading class sun/nio/ch/IOStatus done
Event: 10.209 loading class java/util/regex/Pattern$Dot
Event: 10.210 loading class java/util/regex/Pattern$Dot done
Event: 10.210 loading class java/util/regex/Pattern$Dollar
Event: 10.210 loading class java/util/regex/Pattern$Dollar done
Event: 10.227 loading class java/nio/DirectFloatBufferU
Event: 10.227 loading class java/nio/DirectFloatBufferU done


Dynamic libraries:
0x00000000280b0000 	/System/Library/Frameworks/Cocoa.framework/Versions/A/Cocoa
0x00000000280b0000 	/System/Library/Frameworks/Security.framework/Versions/A/Security
0x00000000280b0000 	/System/Library/Frameworks/ApplicationServices.framework/Versions/A/ApplicationServices
0x00000000280b0000 	/usr/lib/libz.1.dylib
0x00000000280b0000 	/usr/lib/libSystem.B.dylib
0x00000000280b0000 	/usr/lib/libobjc.A.dylib
0x00000000280b0000 	/System/Library/Frameworks/CoreFoundation.framework/Versions/A/CoreFoundation
0x00000000280b0000 	/System/Library/Frameworks/Foundation.framework/Versions/C/Foundation
0x00000000280b0000 	/System/Library/Frameworks/AppKit.framework/Versions/C/AppKit
0x00000000280b0000 	/System/Library/Frameworks/CoreData.framework/Versions/A/CoreData
0x00000000280b0000 	/System/Library/PrivateFrameworks/RemoteViewServices.framework/Versions/A/RemoteViewServices
0x00000000280b0000 	/System/Library/PrivateFrameworks/UIFoundation.framework/Versions/A/UIFoundation
0x00000000280b0000 	/System/Library/PrivateFrameworks/XCTTargetBootstrap.framework/Versions/A/XCTTargetBootstrap
0x00000000280b0000 	/System/Library/Frameworks/CoreDisplay.framework/Versions/A/CoreDisplay
0x00000000280b0000 	/System/Library/PrivateFrameworks/IconServices.framework/Versions/A/IconServices
0x00000000280b0000 	/System/Library/Frameworks/Metal.framework/Versions/A/Metal
0x00000000280b0000 	/System/Library/PrivateFrameworks/DesktopServicesPriv.framework/Versions/A/DesktopServicesPriv
0x00000000280b0000 	/usr/lib/libenergytrace.dylib
0x00000000280b0000 	/System/Library/PrivateFrameworks/SkyLight.framework/Versions/A/SkyLight
0x00000000280b0000 	/System/Library/Frameworks/CoreGraphics.framework/Versions/A/CoreGraphics
0x00000000280b0000 	/System/Library/Frameworks/Accelerate.framework/Versions/A/Accelerate
0x00000000280b0000 	/System/Library/Frameworks/IOSurface.framework/Versions/A/IOSurface
0x00000000280b0000 	/System/Library/PrivateFrameworks/DFRFoundation.framework/Versions/A/DFRFoundation
0x00000000280b0000 	/System/Library/Frameworks/AudioToolbox.framework/Versions/A/AudioToolbox
0x00000000280b0000 	/System/Library/Frameworks/AudioUnit.framework/Versions/A/AudioUnit
0x00000000280b0000 	/System/Library/PrivateFrameworks/DataDetectorsCore.framework/Versions/A/DataDetectorsCore
0x00000000280b0000 	/System/Library/Frameworks/Carbon.framework/Versions/A/Frameworks/HIToolbox.framework/Versions/A/HIToolbox
0x00000000280b0000 	/usr/lib/libicucore.A.dylib
0x00000000280b0000 	/System/Library/Frameworks/QuartzCore.framework/Versions/A/QuartzCore
0x00000000280b0000 	/System/Library/Frameworks/Carbon.framework/Versions/A/Frameworks/SpeechRecognition.framework/Versions/A/SpeechRecognition
0x00000000280b0000 	/usr/lib/libauto.dylib
0x00000000280b0000 	/usr/lib/libxml2.2.dylib
0x00000000280b0000 	/System/Library/PrivateFrameworks/CoreUI.framework/Versions/A/CoreUI
0x00000000280b0000 	/System/Library/Frameworks/CoreAudio.framework/Versions/A/CoreAudio
0x00000000280b0000 	/System/Library/Frameworks/DiskArbitration.framework/Versions/A/DiskArbitration
0x00000000280b0000 	/usr/lib/liblangid.dylib
0x00000000280b0000 	/System/Library/PrivateFrameworks/MultitouchSupport.framework/Versions/A/MultitouchSupport
0x00000000280b0000 	/System/Library/Frameworks/IOKit.framework/Versions/A/IOKit
0x00000000280b0000 	/usr/lib/libDiagnosticMessagesClient.dylib
0x00000000280b0000 	/System/Library/Frameworks/CoreServices.framework/Versions/A/CoreServices
0x00000000280b0000 	/System/Library/PrivateFrameworks/PerformanceAnalysis.framework/Versions/A/PerformanceAnalysis
0x00000000280b0000 	/System/Library/Frameworks/OpenGL.framework/Versions/A/OpenGL
0x00000000280b0000 	/System/Library/Frameworks/ColorSync.framework/Versions/A/ColorSync
0x00000000280b0000 	/System/Library/Frameworks/CoreImage.framework/Versions/A/CoreImage
0x00000000280b0000 	/System/Library/Frameworks/CoreText.framework/Versions/A/CoreText
0x00000000280b0000 	/System/Library/Frameworks/ImageIO.framework/Versions/A/ImageIO
0x00000000280b0000 	/System/Library/PrivateFrameworks/Backup.framework/Versions/A/Backup
0x00000000280b0000 	/usr/lib/libarchive.2.dylib
0x00000000280b0000 	/System/Library/Frameworks/CFNetwork.framework/Versions/A/CFNetwork
0x00000000280b0000 	/System/Library/Frameworks/SystemConfiguration.framework/Versions/A/SystemConfiguration
0x00000000280b0000 	/usr/lib/libCRFSuite.dylib
0x00000000280b0000 	/usr/lib/libc++.1.dylib
0x00000000280b0000 	/usr/lib/libc++abi.dylib
0x00000000280b0000 	/usr/lib/system/libcache.dylib
0x00000000280b0000 	/usr/lib/system/libcommonCrypto.dylib
0x00000000280b0000 	/usr/lib/system/libcompiler_rt.dylib
0x00000000280b0000 	/usr/lib/system/libcopyfile.dylib
0x00000000280b0000 	/usr/lib/system/libcorecrypto.dylib
0x00000000280b0000 	/usr/lib/system/libdispatch.dylib
0x00000000280b0000 	/usr/lib/system/libdyld.dylib
0x00000000280b0000 	/usr/lib/system/libkeymgr.dylib
0x00000000280b0000 	/usr/lib/system/liblaunch.dylib
0x00000000280b0000 	/usr/lib/system/libmacho.dylib
0x00000000280b0000 	/usr/lib/system/libquarantine.dylib
0x00000000280b0000 	/usr/lib/system/libremovefile.dylib
0x00000000280b0000 	/usr/lib/system/libsystem_asl.dylib
0x00000000280b0000 	/usr/lib/system/libsystem_blocks.dylib
0x00000000280b0000 	/usr/lib/system/libsystem_c.dylib
0x00000000280b0000 	/usr/lib/system/libsystem_configuration.dylib
0x00000000280b0000 	/usr/lib/system/libsystem_coreservices.dylib
0x00000000280b0000 	/usr/lib/system/libsystem_darwin.dylib
0x00000000280b0000 	/usr/lib/system/libsystem_dnssd.dylib
0x00000000280b0000 	/usr/lib/system/libsystem_info.dylib
0x00000000280b0000 	/usr/lib/system/libsystem_m.dylib
0x00000000280b0000 	/usr/lib/system/libsystem_malloc.dylib
0x00000000280b0000 	/usr/lib/system/libsystem_networkextension.dylib
0x00000000280b0000 	/usr/lib/system/libsystem_notify.dylib
0x00000000280b0000 	/usr/lib/system/libsystem_sandbox.dylib
0x00000000280b0000 	/usr/lib/system/libsystem_secinit.dylib
0x00000000280b0000 	/usr/lib/system/libsystem_kernel.dylib
0x00000000280b0000 	/usr/lib/system/libsystem_platform.dylib
0x00000000280b0000 	/usr/lib/system/libsystem_pthread.dylib
0x00000000280b0000 	/usr/lib/system/libsystem_symptoms.dylib
0x00000000280b0000 	/usr/lib/system/libsystem_trace.dylib
0x00000000280b0000 	/usr/lib/system/libunwind.dylib
0x00000000280b0000 	/usr/lib/system/libxpc.dylib
0x00000000280b0000 	/usr/lib/libbsm.0.dylib
0x00000000280b0000 	/usr/lib/system/libkxld.dylib
0x00000000280b0000 	/System/Library/PrivateFrameworks/AppleFSCompression.framework/Versions/A/AppleFSCompression
0x00000000280b0000 	/usr/lib/libOpenScriptingUtil.dylib
0x00000000280b0000 	/usr/lib/libcoretls.dylib
0x00000000280b0000 	/usr/lib/libcoretls_cfhelpers.dylib
0x00000000280b0000 	/usr/lib/libpam.2.dylib
0x00000000280b0000 	/usr/lib/libsqlite3.dylib
0x00000000280b0000 	/usr/lib/libxar.1.dylib
0x00000000280b0000 	/usr/lib/libbz2.1.0.dylib
0x00000000280b0000 	/usr/lib/liblzma.5.dylib
0x00000000280b0000 	/usr/lib/libnetwork.dylib
0x00000000280b0000 	/usr/lib/libapple_nghttp2.dylib
0x00000000280b0000 	/usr/lib/libpcap.A.dylib
0x00000000280b0000 	/System/Library/Frameworks/CoreServices.framework/Versions/A/Frameworks/FSEvents.framework/Versions/A/FSEvents
0x00000000280b0000 	/System/Library/Frameworks/CoreServices.framework/Versions/A/Frameworks/CarbonCore.framework/Versions/A/CarbonCore
0x00000000280b0000 	/System/Library/Frameworks/CoreServices.framework/Versions/A/Frameworks/Metadata.framework/Versions/A/Metadata
0x00000000280b0000 	/System/Library/Frameworks/CoreServices.framework/Versions/A/Frameworks/OSServices.framework/Versions/A/OSServices
0x00000000280b0000 	/System/Library/Frameworks/CoreServices.framework/Versions/A/Frameworks/SearchKit.framework/Versions/A/SearchKit
0x00000000280b0000 	/System/Library/Frameworks/CoreServices.framework/Versions/A/Frameworks/AE.framework/Versions/A/AE
0x00000000280b0000 	/System/Library/Frameworks/CoreServices.framework/Versions/A/Frameworks/LaunchServices.framework/Versions/A/LaunchServices
0x00000000280b0000 	/System/Library/Frameworks/CoreServices.framework/Versions/A/Frameworks/DictionaryServices.framework/Versions/A/DictionaryServices
0x00000000280b0000 	/System/Library/Frameworks/CoreServices.framework/Versions/A/Frameworks/SharedFileList.framework/Versions/A/SharedFileList
0x00000000280b0000 	/System/Library/Frameworks/NetFS.framework/Versions/A/NetFS
0x00000000280b0000 	/System/Library/PrivateFrameworks/NetAuth.framework/Versions/A/NetAuth
0x00000000280b0000 	/System/Library/PrivateFrameworks/login.framework/Versions/A/Frameworks/loginsupport.framework/Versions/A/loginsupport
0x00000000280b0000 	/System/Library/PrivateFrameworks/TCC.framework/Versions/A/TCC
0x00000000280b0000 	/System/Library/PrivateFrameworks/CoreNLP.framework/Versions/A/CoreNLP
0x00000000280b0000 	/System/Library/PrivateFrameworks/MetadataUtilities.framework/Versions/A/MetadataUtilities
0x00000000280b0000 	/usr/lib/libmecabra.dylib
0x00000000280b0000 	/System/Library/Frameworks/ApplicationServices.framework/Versions/A/Frameworks/ATS.framework/Versions/A/ATS
0x00000000280b0000 	/System/Library/Frameworks/ApplicationServices.framework/Versions/A/Frameworks/ColorSyncLegacy.framework/Versions/A/ColorSyncLegacy
0x00000000280b0000 	/System/Library/Frameworks/ApplicationServices.framework/Versions/A/Frameworks/HIServices.framework/Versions/A/HIServices
0x00000000280b0000 	/System/Library/Frameworks/ApplicationServices.framework/Versions/A/Frameworks/LangAnalysis.framework/Versions/A/LangAnalysis
0x00000000280b0000 	/System/Library/Frameworks/ApplicationServices.framework/Versions/A/Frameworks/PrintCore.framework/Versions/A/PrintCore
0x00000000280b0000 	/System/Library/Frameworks/ApplicationServices.framework/Versions/A/Frameworks/QD.framework/Versions/A/QD
0x00000000280b0000 	/System/Library/Frameworks/ApplicationServices.framework/Versions/A/Frameworks/SpeechSynthesis.framework/Versions/A/SpeechSynthesis
0x00000000280b0000 	/usr/lib/libcompression.dylib
0x00000000280b0000 	/System/Library/Frameworks/MetalPerformanceShaders.framework/Versions/A/MetalPerformanceShaders
0x00000000280b0000 	/System/Library/Frameworks/Accelerate.framework/Versions/A/Frameworks/vImage.framework/Versions/A/vImage
0x00000000280b0000 	/System/Library/Frameworks/Accelerate.framework/Versions/A/Frameworks/vecLib.framework/Versions/A/vecLib
0x00000000280b0000 	/System/Library/Frameworks/Accelerate.framework/Versions/A/Frameworks/vecLib.framework/Versions/A/libvMisc.dylib
0x00000000280b0000 	/System/Library/Frameworks/Accelerate.framework/Versions/A/Frameworks/vecLib.framework/Versions/A/libvDSP.dylib
0x00000000280b0000 	/System/Library/Frameworks/Accelerate.framework/Versions/A/Frameworks/vecLib.framework/Versions/A/libBLAS.dylib
0x00000000280b0000 	/System/Library/Frameworks/Accelerate.framework/Versions/A/Frameworks/vecLib.framework/Versions/A/libLAPACK.dylib
0x00000000280b0000 	/System/Library/Frameworks/Accelerate.framework/Versions/A/Frameworks/vecLib.framework/Versions/A/libLinearAlgebra.dylib
0x00000000280b0000 	/System/Library/Frameworks/Accelerate.framework/Versions/A/Frameworks/vecLib.framework/Versions/A/libSparseBLAS.dylib
0x00000000280b0000 	/System/Library/Frameworks/Accelerate.framework/Versions/A/Frameworks/vecLib.framework/Versions/A/libQuadrature.dylib
0x00000000280b0000 	/System/Library/Frameworks/Accelerate.framework/Versions/A/Frameworks/vecLib.framework/Versions/A/libBNNS.dylib
0x00000000280b0000 	/System/Library/Frameworks/Accelerate.framework/Versions/A/Frameworks/vecLib.framework/Versions/A/libSparse.dylib
0x00000000280b0000 	/System/Library/PrivateFrameworks/GPUWrangler.framework/Versions/A/GPUWrangler
0x00000000280b0000 	/System/Library/PrivateFrameworks/IOAccelerator.framework/Versions/A/IOAccelerator
0x00000000280b0000 	/System/Library/PrivateFrameworks/IOPresentment.framework/Versions/A/IOPresentment
0x00000000280b0000 	/System/Library/PrivateFrameworks/DSExternalDisplay.framework/Versions/A/DSExternalDisplay
0x00000000280b0000 	/System/Library/Frameworks/OpenGL.framework/Versions/A/Libraries/libCoreFSCache.dylib
0x00000000280b0000 	/System/Library/Frameworks/MetalPerformanceShaders.framework/Frameworks/MPSCore.framework/Versions/A/MPSCore
0x00000000280b0000 	/System/Library/Frameworks/MetalPerformanceShaders.framework/Frameworks/MPSImage.framework/Versions/A/MPSImage
0x00000000280b0000 	/System/Library/Frameworks/MetalPerformanceShaders.framework/Frameworks/MPSNeuralNetwork.framework/Versions/A/MPSNeuralNetwork
0x00000000280b0000 	/System/Library/Frameworks/MetalPerformanceShaders.framework/Frameworks/MPSMatrix.framework/Versions/A/MPSMatrix
0x00000000280b0000 	/System/Library/Frameworks/MetalPerformanceShaders.framework/Frameworks/MPSRayIntersector.framework/Versions/A/MPSRayIntersector
0x00000000280b0000 	/System/Library/PrivateFrameworks/MetalTools.framework/Versions/A/MetalTools
0x00000000280b0000 	/System/Library/PrivateFrameworks/AggregateDictionary.framework/Versions/A/AggregateDictionary
0x00000000280b0000 	/usr/lib/libMobileGestalt.dylib
0x00000000280b0000 	/System/Library/Frameworks/CoreVideo.framework/Versions/A/CoreVideo
0x00000000280b0000 	/System/Library/PrivateFrameworks/GraphVisualizer.framework/Versions/A/GraphVisualizer
0x00000000280b0000 	/System/Library/PrivateFrameworks/FaceCore.framework/Versions/A/FaceCore
0x00000000280b0000 	/System/Library/Frameworks/OpenCL.framework/Versions/A/OpenCL
0x00000000280b0000 	/usr/lib/libFosl_dynamic.dylib
0x00000000280b0000 	/System/Library/PrivateFrameworks/OTSVG.framework/Versions/A/OTSVG
0x00000000280b0000 	/System/Library/Frameworks/ApplicationServices.framework/Versions/A/Frameworks/ATS.framework/Versions/A/Resources/libFontParser.dylib
0x00000000280b0000 	/System/Library/Frameworks/ApplicationServices.framework/Versions/A/Frameworks/ATS.framework/Versions/A/Resources/libFontRegistry.dylib
0x00000000280b0000 	/System/Library/Frameworks/ImageIO.framework/Versions/A/Resources/libJPEG.dylib
0x00000000280b0000 	/System/Library/Frameworks/ImageIO.framework/Versions/A/Resources/libTIFF.dylib
0x00000000280b0000 	/System/Library/Frameworks/ImageIO.framework/Versions/A/Resources/libPng.dylib
0x00000000280b0000 	/System/Library/Frameworks/ImageIO.framework/Versions/A/Resources/libGIF.dylib
0x00000000280b0000 	/System/Library/Frameworks/ImageIO.framework/Versions/A/Resources/libJP2.dylib
0x00000000280b0000 	/System/Library/Frameworks/ImageIO.framework/Versions/A/Resources/libRadiance.dylib
0x00000000280b0000 	/System/Library/PrivateFrameworks/AppleJPEG.framework/Versions/A/AppleJPEG
0x00000000280b0000 	/System/Library/Frameworks/OpenGL.framework/Versions/A/Libraries/libGFXShared.dylib
0x00000000280b0000 	/System/Library/Frameworks/OpenGL.framework/Versions/A/Libraries/libGLU.dylib
0x00000000280b0000 	/System/Library/Frameworks/OpenGL.framework/Versions/A/Libraries/libGL.dylib
0x00000000280b0000 	/System/Library/Frameworks/OpenGL.framework/Versions/A/Libraries/libGLImage.dylib
0x00000000280b0000 	/System/Library/Frameworks/OpenGL.framework/Versions/A/Libraries/libCVMSPluginSupport.dylib
0x00000000280b0000 	/System/Library/Frameworks/OpenGL.framework/Versions/A/Libraries/libCoreVMClient.dylib
0x00000000280b0000 	/usr/lib/libcups.2.dylib
0x00000000280b0000 	/System/Library/Frameworks/Kerberos.framework/Versions/A/Kerberos
0x00000000280b0000 	/System/Library/Frameworks/GSS.framework/Versions/A/GSS
0x00000000280b0000 	/usr/lib/libresolv.9.dylib
0x00000000280b0000 	/usr/lib/libiconv.2.dylib
0x00000000280b0000 	/System/Library/PrivateFrameworks/Heimdal.framework/Versions/A/Heimdal
0x00000000280b0000 	/usr/lib/libheimdal-asn1.dylib
0x00000000280b0000 	/System/Library/Frameworks/OpenDirectory.framework/Versions/A/OpenDirectory
0x00000000280b0000 	/System/Library/PrivateFrameworks/CommonAuth.framework/Versions/A/CommonAuth
0x00000000280b0000 	/System/Library/Frameworks/OpenDirectory.framework/Versions/A/Frameworks/CFOpenDirectory.framework/Versions/A/CFOpenDirectory
0x00000000280b0000 	/System/Library/Frameworks/SecurityFoundation.framework/Versions/A/SecurityFoundation
0x00000000280b0000 	/System/Library/PrivateFrameworks/APFS.framework/Versions/A/APFS
0x00000000280b0000 	/usr/lib/libutil.dylib
0x00000000280b0000 	/usr/lib/libcharset.1.dylib
0x00000000280b0000 	/System/Library/PrivateFrameworks/AppleSauce.framework/Versions/A/AppleSauce
0x00000000280b0000 	/System/Library/PrivateFrameworks/AssertionServices.framework/Versions/A/AssertionServices
0x00000000280b0000 	/System/Library/PrivateFrameworks/BaseBoard.framework/Versions/A/BaseBoard
0x00000000280b0000 	/usr/lib/libmecab.1.0.0.dylib
0x00000000280b0000 	/usr/lib/libgermantok.dylib
0x00000000280b0000 	/usr/lib/libThaiTokenizer.dylib
0x00000000280b0000 	/usr/lib/libChineseTokenizer.dylib
0x00000000280b0000 	/System/Library/PrivateFrameworks/LanguageModeling.framework/Versions/A/LanguageModeling
0x00000000280b0000 	/System/Library/PrivateFrameworks/CoreEmoji.framework/Versions/A/CoreEmoji
0x00000000280b0000 	/System/Library/PrivateFrameworks/Lexicon.framework/Versions/A/Lexicon
0x00000000280b0000 	/System/Library/PrivateFrameworks/LinguisticData.framework/Versions/A/LinguisticData
0x00000000280b0000 	/usr/lib/libcmph.dylib
0x00000000280b0000 	/System/Library/Frameworks/ServiceManagement.framework/Versions/A/ServiceManagement
0x00000000280b0000 	/System/Library/PrivateFrameworks/BackgroundTaskManagement.framework/Versions/A/BackgroundTaskManagement
0x00000000280b0000 	/usr/lib/libxslt.1.dylib
0x00000000280b0000 	/System/Library/Frameworks/Carbon.framework/Versions/A/Frameworks/Ink.framework/Versions/A/Ink
0x00000000280b0000 	/System/Library/PrivateFrameworks/TextureIO.framework/Versions/A/TextureIO
0x00000000280b0000 	/usr/lib/libate.dylib
0x00000000280b0000 	/System/Library/PrivateFrameworks/CrashReporterSupport.framework/Versions/A/CrashReporterSupport
0x00000000280b0000 	/System/Library/PrivateFrameworks/Sharing.framework/Versions/A/Sharing
0x00000000280b0000 	/System/Library/PrivateFrameworks/AuthKit.framework/Versions/A/AuthKit
0x00000000280b0000 	/System/Library/PrivateFrameworks/Apple80211.framework/Versions/A/Apple80211
0x00000000280b0000 	/System/Library/PrivateFrameworks/CoreUtils.framework/Versions/A/CoreUtils
0x00000000280b0000 	/System/Library/Frameworks/CoreWLAN.framework/Versions/A/CoreWLAN
0x00000000280b0000 	/System/Library/Frameworks/IOBluetooth.framework/Versions/A/IOBluetooth
0x00000000280b0000 	/System/Library/PrivateFrameworks/ProtocolBuffer.framework/Versions/A/ProtocolBuffer
0x00000000280b0000 	/System/Library/PrivateFrameworks/MobileKeyBag.framework/Versions/A/MobileKeyBag
0x00000000280b0000 	/System/Library/PrivateFrameworks/CorePhoneNumbers.framework/Versions/A/CorePhoneNumbers
0x00000000280b0000 	/System/Library/PrivateFrameworks/AppleIDAuthSupport.framework/Versions/A/AppleIDAuthSupport
0x00000000280b0000 	/System/Library/PrivateFrameworks/KeychainCircle.framework/Versions/A/KeychainCircle
0x00000000280b0000 	/System/Library/PrivateFrameworks/ROCKit.framework/Versions/A/ROCKit
0x00000000280b0000 	/System/Library/PrivateFrameworks/CoreWiFi.framework/Versions/A/CoreWiFi
0x00000000280b0000 	/System/Library/Frameworks/CoreBluetooth.framework/Versions/A/CoreBluetooth
0x00000000280b0000 	/System/Library/PrivateFrameworks/DebugSymbols.framework/Versions/A/DebugSymbols
0x00000000280b0000 	/System/Library/PrivateFrameworks/CoreSymbolication.framework/Versions/A/CoreSymbolication
0x00000000280b0000 	/System/Library/PrivateFrameworks/Symbolication.framework/Versions/A/Symbolication
0x00000000280b0000 	/System/Library/PrivateFrameworks/SpeechRecognitionCore.framework/Versions/A/SpeechRecognitionCore
0x0000000106a00000 	/Library/Java/JavaVirtualMachines/jdk1.8.0_51.jdk/Contents/Home/jre/lib/server/libjvm.dylib
0x00000000280b0000 	/usr/lib/libstdc++.6.dylib
0x00000001061bd000 	/Library/Java/JavaVirtualMachines/jdk1.8.0_51.jdk/Contents/Home/jre/lib/libverify.dylib
0x00000001061cb000 	/Library/Java/JavaVirtualMachines/jdk1.8.0_51.jdk/Contents/Home/jre/lib/libjava.dylib
0x000000010796a000 	/Library/Java/JavaVirtualMachines/jdk1.8.0_51.jdk/Contents/Home/jre/lib/libinstrument.dylib
0x0000000107a07000 	/Library/Java/JavaVirtualMachines/jdk1.8.0_51.jdk/Contents/Home/jre/lib/libzip.dylib
0x00000000280b0000 	/System/Library/Frameworks/JavaVM.framework/Versions/A/Frameworks/JavaRuntimeSupport.framework/Versions/A/JavaRuntimeSupport
0x00000000280b0000 	/System/Library/Frameworks/JavaVM.framework/Versions/A/Frameworks/JavaNativeFoundation.framework/Versions/A/JavaNativeFoundation
0x00000000280b0000 	/System/Library/Frameworks/JavaVM.framework/Versions/A/JavaVM
0x00000000280b0000 	/System/Library/Frameworks/Carbon.framework/Versions/A/Carbon
0x00000000280b0000 	/System/Library/PrivateFrameworks/JavaLaunching.framework/Versions/A/JavaLaunching
0x00000000280b0000 	/System/Library/Frameworks/Carbon.framework/Versions/A/Frameworks/CommonPanels.framework/Versions/A/CommonPanels
0x00000000280b0000 	/System/Library/Frameworks/Carbon.framework/Versions/A/Frameworks/Help.framework/Versions/A/Help
0x00000000280b0000 	/System/Library/Frameworks/Carbon.framework/Versions/A/Frameworks/ImageCapture.framework/Versions/A/ImageCapture
0x00000000280b0000 	/System/Library/Frameworks/Carbon.framework/Versions/A/Frameworks/OpenScripting.framework/Versions/A/OpenScripting
0x00000000280b0000 	/System/Library/Frameworks/Carbon.framework/Versions/A/Frameworks/Print.framework/Versions/A/Print
0x00000000280b0000 	/System/Library/Frameworks/Carbon.framework/Versions/A/Frameworks/SecurityHI.framework/Versions/A/SecurityHI
0x000000011efc0000 	/Library/Java/JavaVirtualMachines/jdk1.8.0_51.jdk/Contents/Home/jre/lib/libnet.dylib
0x000000011f034000 	/Library/Java/JavaVirtualMachines/jdk1.8.0_51.jdk/Contents/Home/jre/lib/libawt.dylib
0x000000011f0dc000 	/Library/Java/JavaVirtualMachines/jdk1.8.0_51.jdk/Contents/Home/jre/lib/./libmlib_image.dylib
0x000000011f1a8000 	/Library/Java/JavaVirtualMachines/jdk1.8.0_51.jdk/Contents/Home/jre/lib/libawt_lwawt.dylib
0x000000011f25c000 	/Library/Java/JavaVirtualMachines/jdk1.8.0_51.jdk/Contents/Home/jre/lib/./libosxapp.dylib
0x00000000280b0000 	/System/Library/Frameworks/ExceptionHandling.framework/Versions/A/ExceptionHandling
0x00000000280b0000 	/System/Library/PrivateFrameworks/CoreServicesInternal.framework/Versions/A/CoreServicesInternal
0x00000000280b0000 	/System/Library/CoreServices/RawCamera.bundle/Contents/MacOS/RawCamera
0x00000000280b0000 	/System/Library/PrivateFrameworks/MobileAsset.framework/Versions/A/MobileAsset
0x00000000280b0000 	/System/Library/PrivateFrameworks/StreamingZip.framework/Versions/A/StreamingZip
0x00000000280b0000 	/System/Library/Frameworks/MediaToolbox.framework/Versions/A/MediaToolbox
0x00000000280b0000 	/System/Library/PrivateFrameworks/CoreAVCHD.framework/Versions/A/CoreAVCHD
0x00000000280b0000 	/System/Library/Frameworks/MediaAccessibility.framework/Versions/A/MediaAccessibility
0x00000000280b0000 	/System/Library/PrivateFrameworks/Mangrove.framework/Versions/A/Mangrove
0x00000000280b0000 	/System/Library/Frameworks/CoreMedia.framework/Versions/A/CoreMedia
0x00000000280b0000 	/System/Library/Frameworks/VideoToolbox.framework/Versions/A/VideoToolbox
0x00000000280b0000 	/System/Library/PrivateFrameworks/CoreAUC.framework/Versions/A/CoreAUC
0x00000000280b0000 	/usr/lib/libspindump.dylib
0x00000000280b0000 	/System/Library/PrivateFrameworks/AppleVA.framework/Versions/A/AppleVA
0x00000000280b0000 	/System/Library/Frameworks/Accelerate.framework/Versions/A/Frameworks/vImage.framework/Versions/A/Libraries/libCGInterfaces.dylib
0x00000000280b0000 	/System/Library/Frameworks/ApplicationServices.framework/Versions/A/Frameworks/ATS.framework/Versions/A/Resources/libTrueTypeScaler.dylib
0x00000000280b0000 	/System/Library/Extensions/AppleIntelHD4000GraphicsMTLDriver.bundle/Contents/MacOS/AppleIntelHD4000GraphicsMTLDriver
0x00000000280b0000 	/System/Library/PrivateFrameworks/GPUCompiler.framework/Versions/3902/Libraries/libmetal_timestamp.dylib
0x00000000280b0000 	/System/Library/PrivateFrameworks/FamilyControls.framework/Versions/A/FamilyControls
0x00000000280b0000 	/System/Library/PrivateFrameworks/CommerceKit.framework/Versions/A/Frameworks/CommerceCore.framework/Versions/A/CommerceCore
0x00000000280b0000 	/System/Library/PrivateFrameworks/SystemAdministration.framework/Versions/A/SystemAdministration
0x00000000280b0000 	/System/Library/PrivateFrameworks/AppContainer.framework/Versions/A/AppContainer
0x00000000280b0000 	/System/Library/PrivateFrameworks/AppSandbox.framework/Versions/A/AppSandbox
0x00000000280b0000 	/System/Library/PrivateFrameworks/SecCodeWrapper.framework/Versions/A/SecCodeWrapper
0x00000000280b0000 	/usr/lib/libsandbox.1.dylib
0x00000000280b0000 	/usr/lib/libMatch.1.dylib
0x00000000280b0000 	/System/Library/PrivateFrameworks/DiskManagement.framework/Versions/A/DiskManagement
0x00000000280b0000 	/System/Library/Frameworks/DirectoryService.framework/Versions/A/DirectoryService
0x00000000280b0000 	/System/Library/PrivateFrameworks/DiskImages.framework/Versions/A/DiskImages
0x00000000280b0000 	/System/Library/PrivateFrameworks/LoginUIKit.framework/Versions/A/Frameworks/LoginUICore.framework/Versions/A/LoginUICore
0x00000000280b0000 	/usr/lib/libCoreStorage.dylib
0x00000000280b0000 	/usr/lib/libcsfde.dylib
0x00000000280b0000 	/usr/lib/libodfde.dylib
0x00000000280b0000 	/System/Library/PrivateFrameworks/MediaKit.framework/Versions/A/MediaKit
0x00000000280b0000 	/System/Library/Frameworks/DiscRecording.framework/Versions/A/DiscRecording
0x00000000280b0000 	/System/Library/PrivateFrameworks/EFILogin.framework/Versions/A/EFILogin
0x00000000280b0000 	/System/Library/PrivateFrameworks/ProtectedCloudStorage.framework/Versions/A/ProtectedCloudStorage
0x00000000280b0000 	/usr/lib/libcurl.4.dylib
0x00000000280b0000 	/usr/lib/libcrypto.42.dylib
0x00000000280b0000 	/usr/lib/libssl.44.dylib
0x00000000280b0000 	/System/Library/Frameworks/LDAP.framework/Versions/A/LDAP
0x00000000280b0000 	/System/Library/PrivateFrameworks/TrustEvaluationAgent.framework/Versions/A/TrustEvaluationAgent
0x00000000280b0000 	/usr/lib/libsasl2.2.dylib
0x00000000280b0000 	/System/Library/PrivateFrameworks/CoreDaemon.framework/Versions/B/CoreDaemon
0x00000000280b0000 	/System/Library/PrivateFrameworks/AppleSRP.framework/Versions/A/AppleSRP
0x00000000280b0000 	/System/Library/PrivateFrameworks/ViewBridge.framework/Versions/A/ViewBridge
0x00000000280b0000 	/System/Library/Frameworks/OpenGL.framework/Versions/A/Resources/GLEngine.bundle/GLEngine
0x00000000280b0000 	/System/Library/Frameworks/OpenGL.framework/Versions/A/Libraries/libGLProgrammability.dylib
0x00000000280b0000 	/System/Library/Extensions/AppleIntelHD4000GraphicsGLDriver.bundle/Contents/MacOS/AppleIntelHD4000GraphicsGLDriver
0x00000000280b0000 	/System/Library/PrivateFrameworks/GPUSupport.framework/Versions/A/Libraries/libGPUSupportMercury.dylib
0x00000000280b0000 	/System/Library/Frameworks/OpenGL.framework/Versions/A/Resources/GLRendererFloat.bundle/GLRendererFloat
0x00000000280b0000 	/System/Library/Frameworks/OpenCL.framework/Versions/A/Libraries/libcldcpuengine.dylib
0x00000000280b0000 	/usr/lib/libcrypto.35.dylib
0x0000000122c51000 	/Library/Java/JavaVirtualMachines/jdk1.8.0_51.jdk/Contents/Home/jre/lib/libfontmanager.dylib
0x0000000122cb8000 	/Library/Java/JavaVirtualMachines/jdk1.8.0_51.jdk/Contents/Home/jre/lib/libnio.dylib
0x0000000122cc8000 	/private/var/folders/4m/3rdrkp_53hv38tt3kszpzjx80000gn/T/jogamp_0000/file_cache/jln4239141120311612957/jln8043329884437135477/natives/macosx-universal/libgluegen-rt.jnilib
0x0000000122ccc000 	/private/var/folders/4m/3rdrkp_53hv38tt3kszpzjx80000gn/T/jogamp_0000/file_cache/jln4239141120311612957/jln8043329884437135477/natives/macosx-universal/libnativewindow_awt.jnilib
0x0000000122ccf000 	/Library/Java/JavaVirtualMachines/jdk1.8.0_51.jdk/Contents/Home/jre/lib/libjawt.dylib
0x000000012178d000 	/private/var/folders/4m/3rdrkp_53hv38tt3kszpzjx80000gn/T/jogamp_0000/file_cache/jln4239141120311612957/jln8043329884437135477/natives/macosx-universal/libnativewindow_macosx.jnilib
0x0000000121918000 	/private/var/folders/4m/3rdrkp_53hv38tt3kszpzjx80000gn/T/jogamp_0000/file_cache/jln4239141120311612957/jln8043329884437135477/natives/macosx-universal/libjogl_desktop.jnilib
0x000000012171c000 	/private/var/folders/4m/3rdrkp_53hv38tt3kszpzjx80000gn/T/jogamp_0000/file_cache/jln4239141120311612957/jln8043329884437135477/natives/macosx-universal/libjogl_mobile.jnilib
0x0000000120e59000 	/usr/lib/libobjc-trampolines.dylib

VM Arguments:
jvm_args: -javaagent:/Applications/IntelliJ IDEA CE.app/Contents/lib/idea_rt.jar=57531:/Applications/IntelliJ IDEA CE.app/Contents/bin -Dfile.encoding=UTF-8 
java_command: project2.ProjectTransformation
java_class_path (initial): /Users/macbookpro/Downloads/JOGL2020 2/bin:/Library/Java/JavaVirtualMachines/jdk1.8.0_51.jdk/Contents/Home/jre/lib/charsets.jar:/Library/Java/JavaVirtualMachines/jdk1.8.0_51.jdk/Contents/Home/jre/lib/deploy.jar:/Library/Java/JavaVirtualMachines/jdk1.8.0_51.jdk/Contents/Home/jre/lib/ext/cldrdata.jar:/Library/Java/JavaVirtualMachines/jdk1.8.0_51.jdk/Contents/Home/jre/lib/ext/dnsns.jar:/Library/Java/JavaVirtualMachines/jdk1.8.0_51.jdk/Contents/Home/jre/lib/ext/jfxrt.jar:/Library/Java/JavaVirtualMachines/jdk1.8.0_51.jdk/Contents/Home/jre/lib/ext/localedata.jar:/Library/Java/JavaVirtualMachines/jdk1.8.0_51.jdk/Contents/Home/jre/lib/ext/nashorn.jar:/Library/Java/JavaVirtualMachines/jdk1.8.0_51.jdk/Contents/Home/jre/lib/ext/sunec.jar:/Library/Java/JavaVirtualMachines/jdk1.8.0_51.jdk/Contents/Home/jre/lib/ext/sunjce_provider.jar:/Library/Java/JavaVirtualMachines/jdk1.8.0_51.jdk/Contents/Home/jre/lib/ext/sunpkcs11.jar:/Library/Java/JavaVirtualMachines/jdk1.8.0_51.jdk/Contents/Home/jre/lib/ext/zipfs.jar:/Library/Java/JavaVirtualMachines/jdk1.8.0_51.jdk/Contents/Home/jre/lib/javaws.jar:/Library/Java/JavaVirtualMachines/jdk1.8.0_51.jdk/Contents/Home/jre/lib/jce.jar:/Library/Java/JavaVirtualMachines/jdk1.8.0_51.jdk/Contents/Home/jre/lib/jfr.jar:/Library/Java/JavaVirtualMachines/jdk1.8.0_51.jdk/Contents/Home/jre/lib/jfxswt.jar:/Library/Java/JavaVirtualMachines/jdk1.8.0_51.jdk/Contents/Home/jre/lib/jsse.jar:/Library/Java/JavaVirtualMachines/jdk1.8.0_51.jdk/Contents/Home/jre/lib/junit-4.12.jar:/Library/Java/JavaVirtualMachines/jdk1.8.0_51.jdk/Contents/Home/jre/lib/management-agent.jar:/Library/Java/JavaVirtualMachines/jdk1.8.0_51.jdk/Contents/Home/jre/lib/plugin.jar:/Library/Java/JavaVirtualMachines/jdk1.8.0_51.jdk/Contents/Home/jre/lib/resources.jar:/Library/Java/JavaVirtualMachines/jdk1.8.0_51.jdk/Contents/Home/jre/lib/rt.jar:/Library/Java/JavaVirtualMachines/jdk1.8.0_51.jdk/Contents/Home/lib/ant-javafx.jar:/Library/Java/JavaVirtualMachines/jdk1.8.0_5
Launcher Type: SUN_STANDARD

Environment Variables:
PATH=/usr/local/bin:/usr/bin:/bin:/usr/sbin:/sbin:/Users/macbookpro/Library/Android/sdk/platform-tools/:/Users/macbookpro/Library/Android/sdk/platform-tools/:/Users/macbookpro/Library/Android/sdk/platform-tools/
SHELL=/bin/bash

Signal Handlers:
SIGSEGV: [libjvm.dylib+0x58ef35], sa_mask[0]=11111111011111110111111111111111, sa_flags=SA_ONSTACK|SA_RESTART|SA_SIGINFO
SIGBUS: [libjvm.dylib+0x58ef35], sa_mask[0]=11111111011111110111111111111111, sa_flags=SA_RESTART|SA_SIGINFO
SIGFPE: [libjvm.dylib+0x46c028], sa_mask[0]=11111111011111110111111111111111, sa_flags=SA_RESTART|SA_SIGINFO
SIGPIPE: [libjvm.dylib+0x46c028], sa_mask[0]=11111111011111110111111111111111, sa_flags=SA_RESTART|SA_SIGINFO
SIGXFSZ: [libjvm.dylib+0x46c028], sa_mask[0]=11111111011111110111111111111111, sa_flags=SA_RESTART|SA_SIGINFO
SIGILL: [libjvm.dylib+0x46c028], sa_mask[0]=11111111011111110111111111111111, sa_flags=SA_RESTART|SA_SIGINFO
SIGUSR1: SIG_DFL, sa_mask[0]=00000000000000000000000000000000, sa_flags=none
SIGUSR2: [libjvm.dylib+0x46bb46], sa_mask[0]=00100000000000000000000000000000, sa_flags=SA_RESTART|SA_SIGINFO
SIGHUP: [libjvm.dylib+0x46a119], sa_mask[0]=11111111011111110111111111111111, sa_flags=SA_RESTART|SA_SIGINFO
SIGINT: [libjvm.dylib+0x46a119], sa_mask[0]=11111111011111110111111111111111, sa_flags=SA_RESTART|SA_SIGINFO
SIGTERM: [libjvm.dylib+0x46a119], sa_mask[0]=11111111011111110111111111111111, sa_flags=SA_RESTART|SA_SIGINFO
SIGQUIT: [libjvm.dylib+0x46a119], sa_mask[0]=11111111011111110111111111111111, sa_flags=SA_RESTART|SA_SIGINFO


---------------  S Y S T E M  ---------------

OS:Bsduname:Darwin 18.7.0 Darwin Kernel Version 18.7.0: Thu Jan 23 06:52:12 PST 2020; root:xnu-4903.278.25~1/RELEASE_X86_64 x86_64
rlimit: STACK 8192k, CORE 0k, NPROC 709, NOFILE 10240, AS infinity
load average:3.15 2.86 3.77

CPU:total 4 (2 cores per cpu, 2 threads per core) family 6 model 58 stepping 9, cmov, cx8, fxsr, mmx, sse, sse2, sse3, ssse3, sse4.1, sse4.2, popcnt, avx, aes, clmul, erms, ht, tsc, tscinvbit, tscinv

Memory: 4k page, physical 8388608k(76348k free)

/proc/meminfo:


vm_info: Java HotSpot(TM) 64-Bit Server VM (25.51-b03) for bsd-amd64 JRE (1.8.0_51-b16), built on Jun  8 2015 18:01:11 by "java_re" with gcc 4.2.1 (Based on Apple Inc. build 5658) (LLVM build 2336.11.00)

time: Sun Apr  5 02:35:04 2020
elapsed time: 10 seconds (0d 0h 0m 10s)

