#
# A fatal error has been detected by the Java Runtime Environment:
#
#  SIGSEGV (0xb) at pc=0x00007fff5cd3cbc9, pid=36210, tid=72219
#
# JRE version: Java(TM) SE Runtime Environment (8.0_51-b16) (build 1.8.0_51-b16)
# Java VM: Java HotSpot(TM) 64-Bit Server VM (25.51-b03 mixed mode bsd-amd64 compressed oops)
# Problematic frame:
# C  [libGL.dylib+0x5bc9]  glGetUniformLocation+0x10
#
# Failed to write core dump. Core dumps have been disabled. To enable core dumping, try "ulimit -c unlimited" before starting Java again
#
# If you would like to submit a bug report, please visit:
#   http://bugreport.java.com/bugreport/crash.jsp
# The crash happened outside the Java Virtual Machine in native code.
# See problematic frame for where to report the bug.
#

---------------  T H R E A D  ---------------

Current thread (0x00007f9d3bac1000):  JavaThread "Thread-3" [_thread_in_native, id=72219, stack(0x0000700007158000,0x0000700007258000)]

siginfo: si_signo: 11 (SIGSEGV), si_code: 1 (SEGV_MAPERR), si_addr: 0x0000000000001390

Registers:
RAX=0x00007fff5cd3cbb9, RBX=0x00000001266521f8, RCX=0x0000000000000000, RDX=0x00007f9d3d510830
RSP=0x0000700007257680, RBP=0x0000700007257680, RSI=0x00007f9d3d510830, RDI=0x0000000000000006
R8 =0x0000000000000000, R9 =0x00007f9d3ae252f0, R10=0x0000000114870928, R11=0x000000010bcc57fb
R12=0x0000000000000000, R13=0x00000001266521f8, R14=0x00007000072577b0, R15=0x00007f9d3bac1000
RIP=0x00007fff5cd3cbc9, EFLAGS=0x0000000000010283, ERR=0x0000000000000004
  TRAPNO=0x000000000000000e

Top of Stack: (sp=0x0000700007257680)
0x0000700007257680:   00007000072576f0 00000001269d4141
0x0000700007257690:   00007f9d3d516070 00007f9d3ac71180
0x00007000072576a0:   00007f9d3ac71190 00007f9d3ac71568
0x00007000072576b0:   00007f9d3d510830 00007fff5cd3cbb9
0x00007000072576c0:   00007fff5cd3cbb9 00007000072577a0
0x00007000072576d0:   000000063bac1000 00007000072577b0
0x00007000072576e0:   00007f9d3bac11f8 0000020100000001
0x00007000072576f0:   0000700007257770 0000000114870954
0x0000700007257700:   00007f9d3bac1000 00007f9d3bac1000
0x0000700007257710:   000000012a4f5e28 0000000a3bac1000
0x0000700007257720:   0000000795a51488 00007f9d3bac1000
0x0000700007257730:   0000700007257730 0000000000000000
0x0000700007257740:   00007000072577b0 000000012672e028
0x0000700007257750:   0000000000000000 00000001266521f8
0x0000700007257760:   0000000000000000 0000700007257790
0x0000700007257770:   00007000072577f8 0000000114862690
0x0000700007257780:   0000000000000000 000000011486a576
0x0000700007257790:   00007fff5cd3cbb9 00000007c00003e8
0x00007000072577a0:   0000000795a4cba8 0000000000000006
0x00007000072577b0:   00000007957c2510 00007000072577b8
0x00007000072577c0:   0000000126652149 0000700007257828
0x00007000072577d0:   000000012672e028 0000000000000000
0x00007000072577e0:   0000000126652158 0000700007257790
0x00007000072577f0:   0000700007257818 0000700007257870
0x0000700007257800:   00000001148626d5 00007fff5cd3cbb9
0x0000700007257810:   0000000000000000 0000000795a4cba8
0x0000700007257820:   0000000000000006 00000007957c2510
0x0000700007257830:   0000700007257830 0000000111acb185
0x0000700007257840:   00007000072578c0 0000000111add5c0
0x0000700007257850:   0000000000000000 0000000111acb2d0
0x0000700007257860:   0000700007257818 00007000072578a8
0x0000700007257870:   0000700007257908 0000000114862c4d 

Instructions: (pc=0x00007fff5cd3cbc9)
0x00007fff5cd3cba9:   00 00 00 48 8b 87 a8 14 00 00 48 8b 3f 5d ff e0
0x00007fff5cd3cbb9:   55 48 89 e5 48 89 f2 65 48 8b 0c 25 f0 00 00 00
0x00007fff5cd3cbc9:   48 8b 81 90 13 00 00 48 8b 09 89 fe 48 89 cf 5d
0x00007fff5cd3cbd9:   ff e0 55 48 89 e5 4d 89 ca 4d 89 c1 49 89 c8 41 

Register to memory mapping:

RAX=0x00007fff5cd3cbb9: glGetUniformLocation+0 in /System/Library/Frameworks/OpenGL.framework/Versions/A/Libraries/libGL.dylib at 0x00007fff5cd37000
RBX={method} {0x00000001266521f8} 'dispatch_glGetUniformLocation1' '(ILjava/lang/String;J)I' in 'jogamp/opengl/gl4/GL4bcImpl'
RCX=0x0000000000000000 is an unknown value
RDX=0x00007f9d3d510830 is an unknown value
RSP=0x0000700007257680 is pointing into the stack for thread: 0x00007f9d3bac1000
RBP=0x0000700007257680 is pointing into the stack for thread: 0x00007f9d3bac1000
RSI=0x00007f9d3d510830 is an unknown value
RDI=0x0000000000000006 is an unknown value
R8 =0x0000000000000000 is an unknown value
R9 =0x00007f9d3ae252f0 is an unknown value
R10=0x0000000114870928 is at code_begin+808 in an Interpreter codelet
method entry point (kind = native)  [0x0000000114870600, 0x0000000114870f00]  2304 bytes
R11=0x000000010bcc57fb: throw_unsatisfied_link_error+0 in /Library/Java/JavaVirtualMachines/jdk1.8.0_51.jdk/Contents/Home/jre/lib/server/libjvm.dylib at 0x000000010b800000
R12=0x0000000000000000 is an unknown value
R13={method} {0x00000001266521f8} 'dispatch_glGetUniformLocation1' '(ILjava/lang/String;J)I' in 'jogamp/opengl/gl4/GL4bcImpl'
R14=0x00007000072577b0 is pointing into the stack for thread: 0x00007f9d3bac1000
R15=0x00007f9d3bac1000 is a thread


Stack: [0x0000700007158000,0x0000700007258000],  sp=0x0000700007257680,  free space=1021k
Native frames: (J=compiled Java code, j=interpreted, Vv=VM code, C=native code)
C  [libGL.dylib+0x5bc9]  glGetUniformLocation+0x10
C  [libjogl_desktop.jnilib+0x33141]  Java_jogamp_opengl_gl4_GL4bcImpl_dispatch_1glGetUniformLocation1__ILjava_lang_String_2J+0xd1
j  jogamp.opengl.gl4.GL4bcImpl.dispatch_glGetUniformLocation1(ILjava/lang/String;J)I+0
j  jogamp.opengl.gl4.GL4bcImpl.glGetUniformLocation(ILjava/lang/String;)I+41
j  project2.H1_4_font_sprajap2.drawPointArray([F[FI)V+21
j  project2.H1_4_font_sprajap2$1.run()V+484
j  java.lang.Thread.run()V+11
v  ~StubRoutines::call_stub
V  [libjvm.dylib+0x2e01e2]  JavaCalls::call_helper(JavaValue*, methodHandle*, JavaCallArguments*, Thread*)+0x6ae
V  [libjvm.dylib+0x2e0970]  JavaCalls::call_virtual(JavaValue*, KlassHandle, Symbol*, Symbol*, JavaCallArguments*, Thread*)+0x164
V  [libjvm.dylib+0x2e0b1c]  JavaCalls::call_virtual(JavaValue*, Handle, KlassHandle, Symbol*, Symbol*, Thread*)+0x4a
V  [libjvm.dylib+0x33305d]  thread_entry(JavaThread*, Thread*)+0x7c
V  [libjvm.dylib+0x549a6f]  JavaThread::thread_main_inner()+0x9b
V  [libjvm.dylib+0x54b160]  JavaThread::run()+0x1c2
V  [libjvm.dylib+0x46e99e]  java_start(Thread*)+0xf6
C  [libsystem_pthread.dylib+0x32eb]  _pthread_body+0x7e
C  [libsystem_pthread.dylib+0x6249]  _pthread_start+0x42
C  [libsystem_pthread.dylib+0x240d]  thread_start+0xd
C  0x0000000000000000

Java frames: (J=compiled Java code, j=interpreted, Vv=VM code)
j  jogamp.opengl.gl4.GL4bcImpl.dispatch_glGetUniformLocation1(ILjava/lang/String;J)I+0
j  jogamp.opengl.gl4.GL4bcImpl.glGetUniformLocation(ILjava/lang/String;)I+41
j  project2.H1_4_font_sprajap2.drawPointArray([F[FI)V+21
j  project2.H1_4_font_sprajap2$1.run()V+484
j  java.lang.Thread.run()V+11
v  ~StubRoutines::call_stub

---------------  P R O C E S S  ---------------

Java Threads: ( => current thread )
=>0x00007f9d3bac1000 JavaThread "Thread-3" [_thread_in_native, id=72219, stack(0x0000700007158000,0x0000700007258000)]
  0x00007f9d3b2cc000 JavaThread "DestroyJavaVM" [_thread_blocked, id=6403, stack(0x0000700005907000,0x0000700005a07000)]
  0x00007f9d3b42e800 JavaThread "main-FPSAWTAnimator#00-Timer0" [_thread_blocked, id=72759, stack(0x0000700007055000,0x0000700007155000)]
  0x00007f9d3c16b800 JavaThread "AWT-EventQueue-0" [_thread_blocked, id=54027, stack(0x0000700006ecf000,0x0000700006fcf000)]
  0x00007f9d3c9ad000 JavaThread "Java2D Disposer" daemon [_thread_blocked, id=75779, stack(0x0000700006dcc000,0x0000700006ecc000)]
  0x00007f9d3b8de000 JavaThread "Java2D Queue Flusher" daemon [_thread_blocked, id=78351, stack(0x0000700006cc9000,0x0000700006dc9000)]
  0x00007f9d3b8a7800 JavaThread "Attach Listener" daemon [_thread_blocked, id=45319, stack(0x0000700006b43000,0x0000700006c43000)]
  0x00007f9d3c8a4800 JavaThread "AWT-Shutdown" [_thread_blocked, id=39467, stack(0x0000700006834000,0x0000700006934000)]
  0x00007f9d3b85b800 JavaThread "AWT-AppKit" daemon [_thread_in_native, id=775, stack(0x00007ffee445e000,0x00007ffee4c5e000)]
  0x00007f9d3c01d000 JavaThread "Service Thread" daemon [_thread_blocked, id=18179, stack(0x000070000662e000,0x000070000672e000)]
  0x00007f9d3b800800 JavaThread "C1 CompilerThread2" daemon [_thread_blocked, id=18691, stack(0x000070000652b000,0x000070000662b000)]
  0x00007f9d3c024800 JavaThread "C2 CompilerThread1" daemon [_thread_blocked, id=14851, stack(0x0000700006428000,0x0000700006528000)]
  0x00007f9d3c83b800 JavaThread "C2 CompilerThread0" daemon [_thread_blocked, id=14339, stack(0x0000700006325000,0x0000700006425000)]
  0x00007f9d3c83a000 JavaThread "Monitor Ctrl-Break" daemon [_thread_in_native, id=14083, stack(0x0000700006222000,0x0000700006322000)]
  0x00007f9d3c82c000 JavaThread "Signal Dispatcher" daemon [_thread_blocked, id=19203, stack(0x000070000611f000,0x000070000621f000)]
  0x00007f9d3c01b800 JavaThread "Finalizer" daemon [_thread_blocked, id=20739, stack(0x000070000601c000,0x000070000611c000)]
  0x00007f9d3c01b000 JavaThread "Reference Handler" daemon [_thread_blocked, id=12035, stack(0x0000700005f19000,0x0000700006019000)]

Other Threads:
  0x00007f9d3c01a800 VMThread [stack: 0x0000700005e16000,0x0000700005f16000] [id=20995]
  0x00007f9d3b12e000 WatcherThread [stack: 0x0000700006731000,0x0000700006831000] [id=15619]

VM state:not at safepoint (normal execution)

VM Mutex/Monitor currently owned by a thread: None

Heap:
 PSYoungGen      total 38400K, used 10475K [0x0000000795580000, 0x0000000798000000, 0x00000007c0000000)
  eden space 33280K, 16% used [0x0000000795580000,0x0000000795ac5a38,0x0000000797600000)
  from space 5120K, 99% used [0x0000000797600000,0x0000000797af5558,0x0000000797b00000)
  to   space 5120K, 0% used [0x0000000797b00000,0x0000000797b00000,0x0000000798000000)
 ParOldGen       total 87552K, used 8K [0x0000000740000000, 0x0000000745580000, 0x0000000795580000)
  object space 87552K, 0% used [0x0000000740000000,0x0000000740002000,0x0000000745580000)
 Metaspace       used 14644K, capacity 14812K, committed 15232K, reserved 1062912K
  class space    used 1510K, capacity 1563K, committed 1664K, reserved 1048576K

Card table byte_map: [0x000000010cbf2000,0x000000010cff3000] byte_map_base: 0x00000001091f2000

Marking Bits: (ParMarkBitMap*) 0x000000010c0c27a0
 Begin Bits: [0x000000010d29e000, 0x000000010f29e000)
 End Bits:   [0x000000010f29e000, 0x000000011129e000)

Polling page: 0x000000010afe5000

CodeCache: size=245760Kb used=3136Kb max_used=3136Kb free=242623Kb
 bounds [0x000000011485b000, 0x0000000114b7b000, 0x000000012385b000]
 total_blobs=1534 nmethods=743 adapters=705
 compilation: enabled

Compilation events (10 events):
Event: 4.262 Thread 0x00007f9d3b800800 nmethod 736 0x0000000114b69210 code [0x0000000114b69380, 0x0000000114b695f0]
Event: 4.262 Thread 0x00007f9d3b800800  735       3       java.nio.Buffer::remaining (10 bytes)
Event: 4.262 Thread 0x00007f9d3b800800 nmethod 735 0x0000000114b69650 code [0x0000000114b697a0, 0x0000000114b698f0]
Event: 4.262 Thread 0x00007f9d3b800800  737       3       java.nio.CharBuffer::arrayOffset (35 bytes)
Event: 4.262 Thread 0x00007f9d3b800800 nmethod 737 0x0000000114b69950 code [0x0000000114b69ae0, 0x0000000114b69df8]
Event: 4.279 Thread 0x00007f9d3b800800  738       3       java.io.FileOutputStream::write (12 bytes)
Event: 4.279 Thread 0x00007f9d3b800800 nmethod 738 0x0000000114b6a2d0 code [0x0000000114b6a440, 0x0000000114b6a5c8]
Event: 4.521 Thread 0x00007f9d3b800800  741       3       java.lang.String::lastIndexOf (151 bytes)
Event: 4.521 Thread 0x00007f9d3b800800 nmethod 741 0x0000000114b6aa10 code [0x0000000114b6abc0, 0x0000000114b6b110]
Event: 4.522 Thread 0x00007f9d3b800800  742       3       java.nio.Bits::byteOrder (20 bytes)

GC Heap History (2 events):
Event: 3.816 GC heap before
{Heap before GC invocations=1 (full 0):
 PSYoungGen      total 38400K, used 33280K [0x0000000795580000, 0x0000000798000000, 0x00000007c0000000)
  eden space 33280K, 100% used [0x0000000795580000,0x0000000797600000,0x0000000797600000)
  from space 5120K, 0% used [0x0000000797b00000,0x0000000797b00000,0x0000000798000000)
  to   space 5120K, 0% used [0x0000000797600000,0x0000000797600000,0x0000000797b00000)
 ParOldGen       total 87552K, used 0K [0x0000000740000000, 0x0000000745580000, 0x0000000795580000)
  object space 87552K, 0% used [0x0000000740000000,0x0000000740000000,0x0000000745580000)
 Metaspace       used 13257K, capacity 13468K, committed 13824K, reserved 1060864K
  class space    used 1360K, capacity 1435K, committed 1536K, reserved 1048576K
Event: 3.824 GC heap after
Heap after GC invocations=1 (full 0):
 PSYoungGen      total 38400K, used 5077K [0x0000000795580000, 0x0000000798000000, 0x00000007c0000000)
  eden space 33280K, 0% used [0x0000000795580000,0x0000000795580000,0x0000000797600000)
  from space 5120K, 99% used [0x0000000797600000,0x0000000797af5558,0x0000000797b00000)
  to   space 5120K, 0% used [0x0000000797b00000,0x0000000797b00000,0x0000000798000000)
 ParOldGen       total 87552K, used 8K [0x0000000740000000, 0x0000000745580000, 0x0000000795580000)
  object space 87552K, 0% used [0x0000000740000000,0x0000000740002000,0x0000000745580000)
 Metaspace       used 13257K, capacity 13468K, committed 13824K, reserved 1060864K
  class space    used 1360K, capacity 1435K, committed 1536K, reserved 1048576K
}

Deoptimization events (3 events):
Event: 1.631 Thread 0x00007f9d3b803800 Uncommon trap: reason=unstable_if action=reinterpret pc=0x0000000114a22d94 method=java.lang.String.indexOf([CII[CIII)I @ 3
Event: 2.361 Thread 0x00007f9d3b803800 Uncommon trap: reason=unstable_if action=reinterpret pc=0x0000000114a1e4f4 method=java.lang.String.startsWith(Ljava/lang/String;I)Z @ 25
Event: 4.158 Thread 0x00007f9d3c16b800 Uncommon trap: reason=unstable_if action=reinterpret pc=0x0000000114b28f8c method=java.lang.String.lastIndexOf([CII[CIII)I @ 17

Internal exceptions (10 events):
Event: 0.466 Thread 0x00007f9d3b803800 Exception <a 'java/security/PrivilegedActionException'> (0x00000007959e68c0) thrown at [/Users/java_re/workspace/8-2-build-macosx-x86_64/jdk8u51/3951/hotspot/src/share/vm/prims/jvm.cpp, line 1382]
Event: 0.466 Thread 0x00007f9d3b803800 Exception <a 'java/security/PrivilegedActionException'> (0x00000007959e6a78) thrown at [/Users/java_re/workspace/8-2-build-macosx-x86_64/jdk8u51/3951/hotspot/src/share/vm/prims/jvm.cpp, line 1382]
Event: 0.467 Thread 0x00007f9d3b803800 Exception <a 'java/security/PrivilegedActionException'> (0x00000007959e9c68) thrown at [/Users/java_re/workspace/8-2-build-macosx-x86_64/jdk8u51/3951/hotspot/src/share/vm/prims/jvm.cpp, line 1382]
Event: 0.467 Thread 0x00007f9d3b803800 Exception <a 'java/security/PrivilegedActionException'> (0x00000007959e9e20) thrown at [/Users/java_re/workspace/8-2-build-macosx-x86_64/jdk8u51/3951/hotspot/src/share/vm/prims/jvm.cpp, line 1382]
Event: 1.036 Thread 0x00007f9d3b803800 Exception <a 'java/io/FileNotFoundException'> (0x00000007959f5b08) thrown at [/Users/java_re/workspace/8-2-build-macosx-x86_64/jdk8u51/3951/hotspot/src/share/vm/prims/jni.cpp, line 709]
Event: 1.037 Thread 0x00007f9d3b803800 Exception <a 'java/io/FileNotFoundException'> (0x00000007959f6648) thrown at [/Users/java_re/workspace/8-2-build-macosx-x86_64/jdk8u51/3951/hotspot/src/share/vm/prims/jni.cpp, line 709]
Event: 1.210 Thread 0x00007f9d3b803800 Exception <a 'java/lang/NoSuchFieldError': method resolution failed> (0x0000000795d890e0) thrown at [/Users/java_re/workspace/8-2-build-macosx-x86_64/jdk8u51/3951/hotspot/src/share/vm/prims/methodHandles.cpp, line 1125]
Event: 1.220 Thread 0x00007f9d3b803800 Exception <a 'java/lang/NoSuchFieldError': method resolution failed> (0x0000000795d985c8) thrown at [/Users/java_re/workspace/8-2-build-macosx-x86_64/jdk8u51/3951/hotspot/src/share/vm/prims/methodHandles.cpp, line 1125]
Event: 1.712 Thread 0x00007f9d3b803800 Exception <a 'java/lang/UnsatisfiedLinkError': com.jogamp.common.util.JarUtil.fixNativeLibAttribs(Ljava/lang/String;)Z> (0x00000007962a0f48) thrown at [/Users/java_re/workspace/8-2-build-macosx-x86_64/jdk8u51/3951/hotspot/src/share/vm/prims/nativeLookup.c
Event: 3.825 Thread 0x00007f9d3c01b800 Exception <a 'java/lang/NullPointerException'> (0x0000000795580f40) thrown at [/Users/java_re/workspace/8-2-build-macosx-x86_64/jdk8u51/3951/hotspot/src/share/vm/interpreter/linkResolver.cpp, line 1178]

Events (10 events):
Event: 4.256 loading class java/util/regex/Pattern$Dot done
Event: 4.257 loading class java/util/regex/Pattern$Dollar
Event: 4.257 loading class java/util/regex/Pattern$Dollar done
Event: 4.279 loading class java/nio/DirectFloatBufferU
Event: 4.280 loading class java/nio/DirectFloatBufferU done
Event: 4.373 Executing VM operation: EnableBiasedLocking
Event: 4.373 Executing VM operation: EnableBiasedLocking done
Event: 4.520 loading class project2/H3_sprajap2$1
Event: 4.520 loading class project2/H3_sprajap2$1 done
Event: 4.522 Thread 0x00007f9d3bac1000 Thread added: 0x00007f9d3bac1000


Dynamic libraries:
0x00000000280b0000 	/System/Library/Frameworks/Cocoa.framework/Versions/A/Cocoa
0x00000000280b0000 	/System/Library/Frameworks/Security.framework/Versions/A/Security
0x00000000280b0000 	/System/Library/Frameworks/ApplicationServices.framework/Versions/A/ApplicationServices
0x00000000280b0000 	/usr/lib/libz.1.dylib
0x00000000280b0000 	/usr/lib/libSystem.B.dylib
0x00000000280b0000 	/usr/lib/libobjc.A.dylib
0x00000000280b0000 	/System/Library/Frameworks/CoreFoundation.framework/Versions/A/CoreFoundation
0x00000000280b0000 	/System/Library/Frameworks/Foundation.framework/Versions/C/Foundation
0x00000000280b0000 	/System/Library/Frameworks/AppKit.framework/Versions/C/AppKit
0x00000000280b0000 	/System/Library/Frameworks/CoreData.framework/Versions/A/CoreData
0x00000000280b0000 	/System/Library/PrivateFrameworks/RemoteViewServices.framework/Versions/A/RemoteViewServices
0x00000000280b0000 	/System/Library/PrivateFrameworks/UIFoundation.framework/Versions/A/UIFoundation
0x00000000280b0000 	/System/Library/PrivateFrameworks/XCTTargetBootstrap.framework/Versions/A/XCTTargetBootstrap
0x00000000280b0000 	/System/Library/Frameworks/CoreDisplay.framework/Versions/A/CoreDisplay
0x00000000280b0000 	/System/Library/PrivateFrameworks/IconServices.framework/Versions/A/IconServices
0x00000000280b0000 	/System/Library/Frameworks/Metal.framework/Versions/A/Metal
0x00000000280b0000 	/System/Library/PrivateFrameworks/DesktopServicesPriv.framework/Versions/A/DesktopServicesPriv
0x00000000280b0000 	/usr/lib/libenergytrace.dylib
0x00000000280b0000 	/System/Library/PrivateFrameworks/SkyLight.framework/Versions/A/SkyLight
0x00000000280b0000 	/System/Library/Frameworks/CoreGraphics.framework/Versions/A/CoreGraphics
0x00000000280b0000 	/System/Library/Frameworks/Accelerate.framework/Versions/A/Accelerate
0x00000000280b0000 	/System/Library/Frameworks/IOSurface.framework/Versions/A/IOSurface
0x00000000280b0000 	/System/Library/PrivateFrameworks/DFRFoundation.framework/Versions/A/DFRFoundation
0x00000000280b0000 	/System/Library/Frameworks/AudioToolbox.framework/Versions/A/AudioToolbox
0x00000000280b0000 	/System/Library/Frameworks/AudioUnit.framework/Versions/A/AudioUnit
0x00000000280b0000 	/System/Library/PrivateFrameworks/DataDetectorsCore.framework/Versions/A/DataDetectorsCore
0x00000000280b0000 	/System/Library/Frameworks/Carbon.framework/Versions/A/Frameworks/HIToolbox.framework/Versions/A/HIToolbox
0x00000000280b0000 	/usr/lib/libicucore.A.dylib
0x00000000280b0000 	/System/Library/Frameworks/QuartzCore.framework/Versions/A/QuartzCore
0x00000000280b0000 	/System/Library/Frameworks/Carbon.framework/Versions/A/Frameworks/SpeechRecognition.framework/Versions/A/SpeechRecognition
0x00000000280b0000 	/usr/lib/libauto.dylib
0x00000000280b0000 	/usr/lib/libxml2.2.dylib
0x00000000280b0000 	/System/Library/PrivateFrameworks/CoreUI.framework/Versions/A/CoreUI
0x00000000280b0000 	/System/Library/Frameworks/CoreAudio.framework/Versions/A/CoreAudio
0x00000000280b0000 	/System/Library/Frameworks/DiskArbitration.framework/Versions/A/DiskArbitration
0x00000000280b0000 	/usr/lib/liblangid.dylib
0x00000000280b0000 	/System/Library/PrivateFrameworks/MultitouchSupport.framework/Versions/A/MultitouchSupport
0x00000000280b0000 	/System/Library/Frameworks/IOKit.framework/Versions/A/IOKit
0x00000000280b0000 	/usr/lib/libDiagnosticMessagesClient.dylib
0x00000000280b0000 	/System/Library/Frameworks/CoreServices.framework/Versions/A/CoreServices
0x00000000280b0000 	/System/Library/PrivateFrameworks/PerformanceAnalysis.framework/Versions/A/PerformanceAnalysis
0x00000000280b0000 	/System/Library/Frameworks/OpenGL.framework/Versions/A/OpenGL
0x00000000280b0000 	/System/Library/Frameworks/ColorSync.framework/Versions/A/ColorSync
0x00000000280b0000 	/System/Library/Frameworks/CoreImage.framework/Versions/A/CoreImage
0x00000000280b0000 	/System/Library/Frameworks/CoreText.framework/Versions/A/CoreText
0x00000000280b0000 	/System/Library/Frameworks/ImageIO.framework/Versions/A/ImageIO
0x00000000280b0000 	/System/Library/PrivateFrameworks/Backup.framework/Versions/A/Backup
0x00000000280b0000 	/usr/lib/libarchive.2.dylib
0x00000000280b0000 	/System/Library/Frameworks/CFNetwork.framework/Versions/A/CFNetwork
0x00000000280b0000 	/System/Library/Frameworks/SystemConfiguration.framework/Versions/A/SystemConfiguration
0x00000000280b0000 	/usr/lib/libCRFSuite.dylib
0x00000000280b0000 	/usr/lib/libc++.1.dylib
0x00000000280b0000 	/usr/lib/libc++abi.dylib
0x00000000280b0000 	/usr/lib/system/libcache.dylib
0x00000000280b0000 	/usr/lib/system/libcommonCrypto.dylib
0x00000000280b0000 	/usr/lib/system/libcompiler_rt.dylib
0x00000000280b0000 	/usr/lib/system/libcopyfile.dylib
0x00000000280b0000 	/usr/lib/system/libcorecrypto.dylib
0x00000000280b0000 	/usr/lib/system/libdispatch.dylib
0x00000000280b0000 	/usr/lib/system/libdyld.dylib
0x00000000280b0000 	/usr/lib/system/libkeymgr.dylib
0x00000000280b0000 	/usr/lib/system/liblaunch.dylib
0x00000000280b0000 	/usr/lib/system/libmacho.dylib
0x00000000280b0000 	/usr/lib/system/libquarantine.dylib
0x00000000280b0000 	/usr/lib/system/libremovefile.dylib
0x00000000280b0000 	/usr/lib/system/libsystem_asl.dylib
0x00000000280b0000 	/usr/lib/system/libsystem_blocks.dylib
0x00000000280b0000 	/usr/lib/system/libsystem_c.dylib
0x00000000280b0000 	/usr/lib/system/libsystem_configuration.dylib
0x00000000280b0000 	/usr/lib/system/libsystem_coreservices.dylib
0x00000000280b0000 	/usr/lib/system/libsystem_darwin.dylib
0x00000000280b0000 	/usr/lib/system/libsystem_dnssd.dylib
0x00000000280b0000 	/usr/lib/system/libsystem_info.dylib
0x00000000280b0000 	/usr/lib/system/libsystem_m.dylib
0x00000000280b0000 	/usr/lib/system/libsystem_malloc.dylib
0x00000000280b0000 	/usr/lib/system/libsystem_networkextension.dylib
0x00000000280b0000 	/usr/lib/system/libsystem_notify.dylib
0x00000000280b0000 	/usr/lib/system/libsystem_sandbox.dylib
0x00000000280b0000 	/usr/lib/system/libsystem_secinit.dylib
0x00000000280b0000 	/usr/lib/system/libsystem_kernel.dylib
0x00000000280b0000 	/usr/lib/system/libsystem_platform.dylib
0x00000000280b0000 	/usr/lib/system/libsystem_pthread.dylib
0x00000000280b0000 	/usr/lib/system/libsystem_symptoms.dylib
0x00000000280b0000 	/usr/lib/system/libsystem_trace.dylib
0x00000000280b0000 	/usr/lib/system/libunwind.dylib
0x00000000280b0000 	/usr/lib/system/libxpc.dylib
0x00000000280b0000 	/usr/lib/libbsm.0.dylib
0x00000000280b0000 	/usr/lib/system/libkxld.dylib
0x00000000280b0000 	/System/Library/PrivateFrameworks/AppleFSCompression.framework/Versions/A/AppleFSCompression
0x00000000280b0000 	/usr/lib/libOpenScriptingUtil.dylib
0x00000000280b0000 	/usr/lib/libcoretls.dylib
0x00000000280b0000 	/usr/lib/libcoretls_cfhelpers.dylib
0x00000000280b0000 	/usr/lib/libpam.2.dylib
0x00000000280b0000 	/usr/lib/libsqlite3.dylib
0x00000000280b0000 	/usr/lib/libxar.1.dylib
0x00000000280b0000 	/usr/lib/libbz2.1.0.dylib
0x00000000280b0000 	/usr/lib/liblzma.5.dylib
0x00000000280b0000 	/usr/lib/libnetwork.dylib
0x00000000280b0000 	/usr/lib/libapple_nghttp2.dylib
0x00000000280b0000 	/usr/lib/libpcap.A.dylib
0x00000000280b0000 	/System/Library/Frameworks/CoreServices.framework/Versions/A/Frameworks/FSEvents.framework/Versions/A/FSEvents
0x00000000280b0000 	/System/Library/Frameworks/CoreServices.framework/Versions/A/Frameworks/CarbonCore.framework/Versions/A/CarbonCore
0x00000000280b0000 	/System/Library/Frameworks/CoreServices.framework/Versions/A/Frameworks/Metadata.framework/Versions/A/Metadata
0x00000000280b0000 	/System/Library/Frameworks/CoreServices.framework/Versions/A/Frameworks/OSServices.framework/Versions/A/OSServices
0x00000000280b0000 	/System/Library/Frameworks/CoreServices.framework/Versions/A/Frameworks/SearchKit.framework/Versions/A/SearchKit
0x00000000280b0000 	/System/Library/Frameworks/CoreServices.framework/Versions/A/Frameworks/AE.framework/Versions/A/AE
0x00000000280b0000 	/System/Library/Frameworks/CoreServices.framework/Versions/A/Frameworks/LaunchServices.framework/Versions/A/LaunchServices
0x00000000280b0000 	/System/Library/Frameworks/CoreServices.framework/Versions/A/Frameworks/DictionaryServices.framework/Versions/A/DictionaryServices
0x00000000280b0000 	/System/Library/Frameworks/CoreServices.framework/Versions/A/Frameworks/SharedFileList.framework/Versions/A/SharedFileList
0x00000000280b0000 	/System/Library/Frameworks/NetFS.framework/Versions/A/NetFS
0x00000000280b0000 	/System/Library/PrivateFrameworks/NetAuth.framework/Versions/A/NetAuth
0x00000000280b0000 	/System/Library/PrivateFrameworks/login.framework/Versions/A/Frameworks/loginsupport.framework/Versions/A/loginsupport
0x00000000280b0000 	/System/Library/PrivateFrameworks/TCC.framework/Versions/A/TCC
0x00000000280b0000 	/System/Library/PrivateFrameworks/CoreNLP.framework/Versions/A/CoreNLP
0x00000000280b0000 	/System/Library/PrivateFrameworks/MetadataUtilities.framework/Versions/A/MetadataUtilities
0x00000000280b0000 	/usr/lib/libmecabra.dylib
0x00000000280b0000 	/System/Library/Frameworks/ApplicationServices.framework/Versions/A/Frameworks/ATS.framework/Versions/A/ATS
0x00000000280b0000 	/System/Library/Frameworks/ApplicationServices.framework/Versions/A/Frameworks/ColorSyncLegacy.framework/Versions/A/ColorSyncLegacy
0x00000000280b0000 	/System/Library/Frameworks/ApplicationServices.framework/Versions/A/Frameworks/HIServices.framework/Versions/A/HIServices
0x00000000280b0000 	/System/Library/Frameworks/ApplicationServices.framework/Versions/A/Frameworks/LangAnalysis.framework/Versions/A/LangAnalysis
0x00000000280b0000 	/System/Library/Frameworks/ApplicationServices.framework/Versions/A/Frameworks/PrintCore.framework/Versions/A/PrintCore
0x00000000280b0000 	/System/Library/Frameworks/ApplicationServices.framework/Versions/A/Frameworks/QD.framework/Versions/A/QD
0x00000000280b0000 	/System/Library/Frameworks/ApplicationServices.framework/Versions/A/Frameworks/SpeechSynthesis.framework/Versions/A/SpeechSynthesis
0x00000000280b0000 	/usr/lib/libcompression.dylib
0x00000000280b0000 	/System/Library/Frameworks/MetalPerformanceShaders.framework/Versions/A/MetalPerformanceShaders
0x00000000280b0000 	/System/Library/Frameworks/Accelerate.framework/Versions/A/Frameworks/vImage.framework/Versions/A/vImage
0x00000000280b0000 	/System/Library/Frameworks/Accelerate.framework/Versions/A/Frameworks/vecLib.framework/Versions/A/vecLib
0x00000000280b0000 	/System/Library/Frameworks/Accelerate.framework/Versions/A/Frameworks/vecLib.framework/Versions/A/libvMisc.dylib
0x00000000280b0000 	/System/Library/Frameworks/Accelerate.framework/Versions/A/Frameworks/vecLib.framework/Versions/A/libvDSP.dylib
0x00000000280b0000 	/System/Library/Frameworks/Accelerate.framework/Versions/A/Frameworks/vecLib.framework/Versions/A/libBLAS.dylib
0x00000000280b0000 	/System/Library/Frameworks/Accelerate.framework/Versions/A/Frameworks/vecLib.framework/Versions/A/libLAPACK.dylib
0x00000000280b0000 	/System/Library/Frameworks/Accelerate.framework/Versions/A/Frameworks/vecLib.framework/Versions/A/libLinearAlgebra.dylib
0x00000000280b0000 	/System/Library/Frameworks/Accelerate.framework/Versions/A/Frameworks/vecLib.framework/Versions/A/libSparseBLAS.dylib
0x00000000280b0000 	/System/Library/Frameworks/Accelerate.framework/Versions/A/Frameworks/vecLib.framework/Versions/A/libQuadrature.dylib
0x00000000280b0000 	/System/Library/Frameworks/Accelerate.framework/Versions/A/Frameworks/vecLib.framework/Versions/A/libBNNS.dylib
0x00000000280b0000 	/System/Library/Frameworks/Accelerate.framework/Versions/A/Frameworks/vecLib.framework/Versions/A/libSparse.dylib
0x00000000280b0000 	/System/Library/PrivateFrameworks/GPUWrangler.framework/Versions/A/GPUWrangler
0x00000000280b0000 	/System/Library/PrivateFrameworks/IOAccelerator.framework/Versions/A/IOAccelerator
0x00000000280b0000 	/System/Library/PrivateFrameworks/IOPresentment.framework/Versions/A/IOPresentment
0x00000000280b0000 	/System/Library/PrivateFrameworks/DSExternalDisplay.framework/Versions/A/DSExternalDisplay
0x00000000280b0000 	/System/Library/Frameworks/OpenGL.framework/Versions/A/Libraries/libCoreFSCache.dylib
0x00000000280b0000 	/System/Library/Frameworks/MetalPerformanceShaders.framework/Frameworks/MPSCore.framework/Versions/A/MPSCore
0x00000000280b0000 	/System/Library/Frameworks/MetalPerformanceShaders.framework/Frameworks/MPSImage.framework/Versions/A/MPSImage
0x00000000280b0000 	/System/Library/Frameworks/MetalPerformanceShaders.framework/Frameworks/MPSNeuralNetwork.framework/Versions/A/MPSNeuralNetwork
0x00000000280b0000 	/System/Library/Frameworks/MetalPerformanceShaders.framework/Frameworks/MPSMatrix.framework/Versions/A/MPSMatrix
0x00000000280b0000 	/System/Library/Frameworks/MetalPerformanceShaders.framework/Frameworks/MPSRayIntersector.framework/Versions/A/MPSRayIntersector
0x00000000280b0000 	/System/Library/PrivateFrameworks/MetalTools.framework/Versions/A/MetalTools
0x00000000280b0000 	/System/Library/PrivateFrameworks/AggregateDictionary.framework/Versions/A/AggregateDictionary
0x00000000280b0000 	/usr/lib/libMobileGestalt.dylib
0x00000000280b0000 	/System/Library/Frameworks/CoreVideo.framework/Versions/A/CoreVideo
0x00000000280b0000 	/System/Library/PrivateFrameworks/GraphVisualizer.framework/Versions/A/GraphVisualizer
0x00000000280b0000 	/System/Library/PrivateFrameworks/FaceCore.framework/Versions/A/FaceCore
0x00000000280b0000 	/System/Library/Frameworks/OpenCL.framework/Versions/A/OpenCL
0x00000000280b0000 	/usr/lib/libFosl_dynamic.dylib
0x00000000280b0000 	/System/Library/PrivateFrameworks/OTSVG.framework/Versions/A/OTSVG
0x00000000280b0000 	/System/Library/Frameworks/ApplicationServices.framework/Versions/A/Frameworks/ATS.framework/Versions/A/Resources/libFontParser.dylib
0x00000000280b0000 	/System/Library/Frameworks/ApplicationServices.framework/Versions/A/Frameworks/ATS.framework/Versions/A/Resources/libFontRegistry.dylib
0x00000000280b0000 	/System/Library/Frameworks/ImageIO.framework/Versions/A/Resources/libJPEG.dylib
0x00000000280b0000 	/System/Library/Frameworks/ImageIO.framework/Versions/A/Resources/libTIFF.dylib
0x00000000280b0000 	/System/Library/Frameworks/ImageIO.framework/Versions/A/Resources/libPng.dylib
0x00000000280b0000 	/System/Library/Frameworks/ImageIO.framework/Versions/A/Resources/libGIF.dylib
0x00000000280b0000 	/System/Library/Frameworks/ImageIO.framework/Versions/A/Resources/libJP2.dylib
0x00000000280b0000 	/System/Library/Frameworks/ImageIO.framework/Versions/A/Resources/libRadiance.dylib
0x00000000280b0000 	/System/Library/PrivateFrameworks/AppleJPEG.framework/Versions/A/AppleJPEG
0x00000000280b0000 	/System/Library/Frameworks/OpenGL.framework/Versions/A/Libraries/libGFXShared.dylib
0x00000000280b0000 	/System/Library/Frameworks/OpenGL.framework/Versions/A/Libraries/libGLU.dylib
0x00000000280b0000 	/System/Library/Frameworks/OpenGL.framework/Versions/A/Libraries/libGL.dylib
0x00000000280b0000 	/System/Library/Frameworks/OpenGL.framework/Versions/A/Libraries/libGLImage.dylib
0x00000000280b0000 	/System/Library/Frameworks/OpenGL.framework/Versions/A/Libraries/libCVMSPluginSupport.dylib
0x00000000280b0000 	/System/Library/Frameworks/OpenGL.framework/Versions/A/Libraries/libCoreVMClient.dylib
0x00000000280b0000 	/usr/lib/libcups.2.dylib
0x00000000280b0000 	/System/Library/Frameworks/Kerberos.framework/Versions/A/Kerberos
0x00000000280b0000 	/System/Library/Frameworks/GSS.framework/Versions/A/GSS
0x00000000280b0000 	/usr/lib/libresolv.9.dylib
0x00000000280b0000 	/usr/lib/libiconv.2.dylib
0x00000000280b0000 	/System/Library/PrivateFrameworks/Heimdal.framework/Versions/A/Heimdal
0x00000000280b0000 	/usr/lib/libheimdal-asn1.dylib
0x00000000280b0000 	/System/Library/Frameworks/OpenDirectory.framework/Versions/A/OpenDirectory
0x00000000280b0000 	/System/Library/PrivateFrameworks/CommonAuth.framework/Versions/A/CommonAuth
0x00000000280b0000 	/System/Library/Frameworks/OpenDirectory.framework/Versions/A/Frameworks/CFOpenDirectory.framework/Versions/A/CFOpenDirectory
0x00000000280b0000 	/System/Library/Frameworks/SecurityFoundation.framework/Versions/A/SecurityFoundation
0x00000000280b0000 	/System/Library/PrivateFrameworks/APFS.framework/Versions/A/APFS
0x00000000280b0000 	/usr/lib/libutil.dylib
0x00000000280b0000 	/usr/lib/libcharset.1.dylib
0x00000000280b0000 	/System/Library/PrivateFrameworks/AppleSauce.framework/Versions/A/AppleSauce
0x00000000280b0000 	/System/Library/PrivateFrameworks/AssertionServices.framework/Versions/A/AssertionServices
0x00000000280b0000 	/System/Library/PrivateFrameworks/BaseBoard.framework/Versions/A/BaseBoard
0x00000000280b0000 	/usr/lib/libmecab.1.0.0.dylib
0x00000000280b0000 	/usr/lib/libgermantok.dylib
0x00000000280b0000 	/usr/lib/libThaiTokenizer.dylib
0x00000000280b0000 	/usr/lib/libChineseTokenizer.dylib
0x00000000280b0000 	/System/Library/PrivateFrameworks/LanguageModeling.framework/Versions/A/LanguageModeling
0x00000000280b0000 	/System/Library/PrivateFrameworks/CoreEmoji.framework/Versions/A/CoreEmoji
0x00000000280b0000 	/System/Library/PrivateFrameworks/Lexicon.framework/Versions/A/Lexicon
0x00000000280b0000 	/System/Library/PrivateFrameworks/LinguisticData.framework/Versions/A/LinguisticData
0x00000000280b0000 	/usr/lib/libcmph.dylib
0x00000000280b0000 	/System/Library/Frameworks/ServiceManagement.framework/Versions/A/ServiceManagement
0x00000000280b0000 	/System/Library/PrivateFrameworks/BackgroundTaskManagement.framework/Versions/A/BackgroundTaskManagement
0x00000000280b0000 	/usr/lib/libxslt.1.dylib
0x00000000280b0000 	/System/Library/Frameworks/Carbon.framework/Versions/A/Frameworks/Ink.framework/Versions/A/Ink
0x00000000280b0000 	/System/Library/PrivateFrameworks/TextureIO.framework/Versions/A/TextureIO
0x00000000280b0000 	/usr/lib/libate.dylib
0x00000000280b0000 	/System/Library/PrivateFrameworks/CrashReporterSupport.framework/Versions/A/CrashReporterSupport
0x00000000280b0000 	/System/Library/PrivateFrameworks/Sharing.framework/Versions/A/Sharing
0x00000000280b0000 	/System/Library/PrivateFrameworks/AuthKit.framework/Versions/A/AuthKit
0x00000000280b0000 	/System/Library/PrivateFrameworks/Apple80211.framework/Versions/A/Apple80211
0x00000000280b0000 	/System/Library/PrivateFrameworks/CoreUtils.framework/Versions/A/CoreUtils
0x00000000280b0000 	/System/Library/Frameworks/CoreWLAN.framework/Versions/A/CoreWLAN
0x00000000280b0000 	/System/Library/Frameworks/IOBluetooth.framework/Versions/A/IOBluetooth
0x00000000280b0000 	/System/Library/PrivateFrameworks/ProtocolBuffer.framework/Versions/A/ProtocolBuffer
0x00000000280b0000 	/System/Library/PrivateFrameworks/MobileKeyBag.framework/Versions/A/MobileKeyBag
0x00000000280b0000 	/System/Library/PrivateFrameworks/CorePhoneNumbers.framework/Versions/A/CorePhoneNumbers
0x00000000280b0000 	/System/Library/PrivateFrameworks/AppleIDAuthSupport.framework/Versions/A/AppleIDAuthSupport
0x00000000280b0000 	/System/Library/PrivateFrameworks/KeychainCircle.framework/Versions/A/KeychainCircle
0x00000000280b0000 	/System/Library/PrivateFrameworks/ROCKit.framework/Versions/A/ROCKit
0x00000000280b0000 	/System/Library/PrivateFrameworks/CoreWiFi.framework/Versions/A/CoreWiFi
0x00000000280b0000 	/System/Library/Frameworks/CoreBluetooth.framework/Versions/A/CoreBluetooth
0x00000000280b0000 	/System/Library/PrivateFrameworks/DebugSymbols.framework/Versions/A/DebugSymbols
0x00000000280b0000 	/System/Library/PrivateFrameworks/CoreSymbolication.framework/Versions/A/CoreSymbolication
0x00000000280b0000 	/System/Library/PrivateFrameworks/Symbolication.framework/Versions/A/Symbolication
0x00000000280b0000 	/System/Library/PrivateFrameworks/SpeechRecognitionCore.framework/Versions/A/SpeechRecognitionCore
0x000000010b800000 	/Library/Java/JavaVirtualMachines/jdk1.8.0_51.jdk/Contents/Home/jre/lib/server/libjvm.dylib
0x00000000280b0000 	/usr/lib/libstdc++.6.dylib
0x000000010afd7000 	/Library/Java/JavaVirtualMachines/jdk1.8.0_51.jdk/Contents/Home/jre/lib/libverify.dylib
0x000000010c769000 	/Library/Java/JavaVirtualMachines/jdk1.8.0_51.jdk/Contents/Home/jre/lib/libjava.dylib
0x000000010c79e000 	/Library/Java/JavaVirtualMachines/jdk1.8.0_51.jdk/Contents/Home/jre/lib/libinstrument.dylib
0x000000010afef000 	/Library/Java/JavaVirtualMachines/jdk1.8.0_51.jdk/Contents/Home/jre/lib/libzip.dylib
0x00000000280b0000 	/System/Library/Frameworks/JavaVM.framework/Versions/A/Frameworks/JavaRuntimeSupport.framework/Versions/A/JavaRuntimeSupport
0x00000000280b0000 	/System/Library/Frameworks/JavaVM.framework/Versions/A/Frameworks/JavaNativeFoundation.framework/Versions/A/JavaNativeFoundation
0x00000000280b0000 	/System/Library/Frameworks/JavaVM.framework/Versions/A/JavaVM
0x00000000280b0000 	/System/Library/Frameworks/Carbon.framework/Versions/A/Carbon
0x00000000280b0000 	/System/Library/PrivateFrameworks/JavaLaunching.framework/Versions/A/JavaLaunching
0x00000000280b0000 	/System/Library/Frameworks/Carbon.framework/Versions/A/Frameworks/CommonPanels.framework/Versions/A/CommonPanels
0x00000000280b0000 	/System/Library/Frameworks/Carbon.framework/Versions/A/Frameworks/Help.framework/Versions/A/Help
0x00000000280b0000 	/System/Library/Frameworks/Carbon.framework/Versions/A/Frameworks/ImageCapture.framework/Versions/A/ImageCapture
0x00000000280b0000 	/System/Library/Frameworks/Carbon.framework/Versions/A/Frameworks/OpenScripting.framework/Versions/A/OpenScripting
0x00000000280b0000 	/System/Library/Frameworks/Carbon.framework/Versions/A/Frameworks/Print.framework/Versions/A/Print
0x00000000280b0000 	/System/Library/Frameworks/Carbon.framework/Versions/A/Frameworks/SecurityHI.framework/Versions/A/SecurityHI
0x0000000113329000 	/Library/Java/JavaVirtualMachines/jdk1.8.0_51.jdk/Contents/Home/jre/lib/libnet.dylib
0x000000011339d000 	/Library/Java/JavaVirtualMachines/jdk1.8.0_51.jdk/Contents/Home/jre/lib/libawt.dylib
0x0000000113445000 	/Library/Java/JavaVirtualMachines/jdk1.8.0_51.jdk/Contents/Home/jre/lib/./libmlib_image.dylib
0x0000000113511000 	/Library/Java/JavaVirtualMachines/jdk1.8.0_51.jdk/Contents/Home/jre/lib/libawt_lwawt.dylib
0x00000001135c5000 	/Library/Java/JavaVirtualMachines/jdk1.8.0_51.jdk/Contents/Home/jre/lib/./libosxapp.dylib
0x00000000280b0000 	/System/Library/Frameworks/ExceptionHandling.framework/Versions/A/ExceptionHandling
0x00000000280b0000 	/System/Library/PrivateFrameworks/CoreServicesInternal.framework/Versions/A/CoreServicesInternal
0x00000000280b0000 	/System/Library/CoreServices/RawCamera.bundle/Contents/MacOS/RawCamera
0x00000000280b0000 	/System/Library/PrivateFrameworks/MobileAsset.framework/Versions/A/MobileAsset
0x00000000280b0000 	/System/Library/PrivateFrameworks/StreamingZip.framework/Versions/A/StreamingZip
0x00000000280b0000 	/System/Library/Frameworks/MediaToolbox.framework/Versions/A/MediaToolbox
0x00000000280b0000 	/System/Library/PrivateFrameworks/CoreAVCHD.framework/Versions/A/CoreAVCHD
0x00000000280b0000 	/System/Library/Frameworks/MediaAccessibility.framework/Versions/A/MediaAccessibility
0x00000000280b0000 	/System/Library/PrivateFrameworks/Mangrove.framework/Versions/A/Mangrove
0x00000000280b0000 	/System/Library/Frameworks/CoreMedia.framework/Versions/A/CoreMedia
0x00000000280b0000 	/System/Library/Frameworks/VideoToolbox.framework/Versions/A/VideoToolbox
0x00000000280b0000 	/System/Library/PrivateFrameworks/CoreAUC.framework/Versions/A/CoreAUC
0x00000000280b0000 	/usr/lib/libspindump.dylib
0x00000000280b0000 	/System/Library/PrivateFrameworks/AppleVA.framework/Versions/A/AppleVA
0x00000000280b0000 	/System/Library/Frameworks/Accelerate.framework/Versions/A/Frameworks/vImage.framework/Versions/A/Libraries/libCGInterfaces.dylib
0x00000000280b0000 	/System/Library/Frameworks/ApplicationServices.framework/Versions/A/Frameworks/ATS.framework/Versions/A/Resources/libTrueTypeScaler.dylib
0x00000000280b0000 	/System/Library/Extensions/AppleIntelHD4000GraphicsMTLDriver.bundle/Contents/MacOS/AppleIntelHD4000GraphicsMTLDriver
0x00000000280b0000 	/System/Library/PrivateFrameworks/GPUCompiler.framework/Versions/3902/Libraries/libmetal_timestamp.dylib
0x00000000280b0000 	/System/Library/PrivateFrameworks/FamilyControls.framework/Versions/A/FamilyControls
0x00000000280b0000 	/System/Library/PrivateFrameworks/CommerceKit.framework/Versions/A/Frameworks/CommerceCore.framework/Versions/A/CommerceCore
0x00000000280b0000 	/System/Library/PrivateFrameworks/SystemAdministration.framework/Versions/A/SystemAdministration
0x00000000280b0000 	/System/Library/PrivateFrameworks/AppContainer.framework/Versions/A/AppContainer
0x00000000280b0000 	/System/Library/PrivateFrameworks/AppSandbox.framework/Versions/A/AppSandbox
0x00000000280b0000 	/System/Library/PrivateFrameworks/SecCodeWrapper.framework/Versions/A/SecCodeWrapper
0x00000000280b0000 	/usr/lib/libsandbox.1.dylib
0x00000000280b0000 	/usr/lib/libMatch.1.dylib
0x00000000280b0000 	/System/Library/PrivateFrameworks/DiskManagement.framework/Versions/A/DiskManagement
0x00000000280b0000 	/System/Library/Frameworks/DirectoryService.framework/Versions/A/DirectoryService
0x00000000280b0000 	/System/Library/PrivateFrameworks/DiskImages.framework/Versions/A/DiskImages
0x00000000280b0000 	/System/Library/PrivateFrameworks/LoginUIKit.framework/Versions/A/Frameworks/LoginUICore.framework/Versions/A/LoginUICore
0x00000000280b0000 	/usr/lib/libCoreStorage.dylib
0x00000000280b0000 	/usr/lib/libcsfde.dylib
0x00000000280b0000 	/usr/lib/libodfde.dylib
0x00000000280b0000 	/System/Library/PrivateFrameworks/MediaKit.framework/Versions/A/MediaKit
0x00000000280b0000 	/System/Library/Frameworks/DiscRecording.framework/Versions/A/DiscRecording
0x00000000280b0000 	/System/Library/PrivateFrameworks/EFILogin.framework/Versions/A/EFILogin
0x00000000280b0000 	/System/Library/PrivateFrameworks/ProtectedCloudStorage.framework/Versions/A/ProtectedCloudStorage
0x00000000280b0000 	/usr/lib/libcurl.4.dylib
0x00000000280b0000 	/usr/lib/libcrypto.42.dylib
0x00000000280b0000 	/usr/lib/libssl.44.dylib
0x00000000280b0000 	/System/Library/Frameworks/LDAP.framework/Versions/A/LDAP
0x00000000280b0000 	/System/Library/PrivateFrameworks/TrustEvaluationAgent.framework/Versions/A/TrustEvaluationAgent
0x00000000280b0000 	/usr/lib/libsasl2.2.dylib
0x00000000280b0000 	/System/Library/PrivateFrameworks/CoreDaemon.framework/Versions/B/CoreDaemon
0x00000000280b0000 	/System/Library/PrivateFrameworks/AppleSRP.framework/Versions/A/AppleSRP
0x00000000280b0000 	/System/Library/PrivateFrameworks/ViewBridge.framework/Versions/A/ViewBridge
0x00000000280b0000 	/System/Library/Frameworks/OpenGL.framework/Versions/A/Resources/GLEngine.bundle/GLEngine
0x00000000280b0000 	/System/Library/Frameworks/OpenGL.framework/Versions/A/Libraries/libGLProgrammability.dylib
0x00000000280b0000 	/System/Library/Extensions/AppleIntelHD4000GraphicsGLDriver.bundle/Contents/MacOS/AppleIntelHD4000GraphicsGLDriver
0x00000000280b0000 	/System/Library/PrivateFrameworks/GPUSupport.framework/Versions/A/Libraries/libGPUSupportMercury.dylib
0x00000000280b0000 	/System/Library/Frameworks/OpenGL.framework/Versions/A/Resources/GLRendererFloat.bundle/GLRendererFloat
0x00000000280b0000 	/System/Library/Frameworks/OpenCL.framework/Versions/A/Libraries/libcldcpuengine.dylib
0x00000000280b0000 	/usr/lib/libcrypto.35.dylib
0x000000012749f000 	/Library/Java/JavaVirtualMachines/jdk1.8.0_51.jdk/Contents/Home/jre/lib/libfontmanager.dylib
0x000000012753f000 	/Library/Java/JavaVirtualMachines/jdk1.8.0_51.jdk/Contents/Home/jre/lib/libnio.dylib
0x000000012754f000 	/private/var/folders/4m/3rdrkp_53hv38tt3kszpzjx80000gn/T/jogamp_0000/file_cache/jln4903376310925262667/jln6772606213154396112/natives/macosx-universal/libgluegen-rt.jnilib
0x0000000127553000 	/private/var/folders/4m/3rdrkp_53hv38tt3kszpzjx80000gn/T/jogamp_0000/file_cache/jln4903376310925262667/jln6772606213154396112/natives/macosx-universal/libnativewindow_awt.jnilib
0x0000000127556000 	/Library/Java/JavaVirtualMachines/jdk1.8.0_51.jdk/Contents/Home/jre/lib/libjawt.dylib
0x0000000126435000 	/private/var/folders/4m/3rdrkp_53hv38tt3kszpzjx80000gn/T/jogamp_0000/file_cache/jln4903376310925262667/jln6772606213154396112/natives/macosx-universal/libnativewindow_macosx.jnilib
0x00000001269a1000 	/private/var/folders/4m/3rdrkp_53hv38tt3kszpzjx80000gn/T/jogamp_0000/file_cache/jln4903376310925262667/jln6772606213154396112/natives/macosx-universal/libjogl_desktop.jnilib
0x0000000126804000 	/private/var/folders/4m/3rdrkp_53hv38tt3kszpzjx80000gn/T/jogamp_0000/file_cache/jln4903376310925262667/jln6772606213154396112/natives/macosx-universal/libjogl_mobile.jnilib
0x000000012645a000 	/usr/lib/libobjc-trampolines.dylib

VM Arguments:
jvm_args: -javaagent:/Applications/IntelliJ IDEA CE.app/Contents/lib/idea_rt.jar=54317:/Applications/IntelliJ IDEA CE.app/Contents/bin -Dfile.encoding=UTF-8 
java_command: project2.H1_4_font_sprajap2
java_class_path (initial): /Users/macbookpro/Downloads/JOGL2020 2/bin:/Library/Java/JavaVirtualMachines/jdk1.8.0_51.jdk/Contents/Home/jre/lib/charsets.jar:/Library/Java/JavaVirtualMachines/jdk1.8.0_51.jdk/Contents/Home/jre/lib/deploy.jar:/Library/Java/JavaVirtualMachines/jdk1.8.0_51.jdk/Contents/Home/jre/lib/ext/cldrdata.jar:/Library/Java/JavaVirtualMachines/jdk1.8.0_51.jdk/Contents/Home/jre/lib/ext/dnsns.jar:/Library/Java/JavaVirtualMachines/jdk1.8.0_51.jdk/Contents/Home/jre/lib/ext/jfxrt.jar:/Library/Java/JavaVirtualMachines/jdk1.8.0_51.jdk/Contents/Home/jre/lib/ext/localedata.jar:/Library/Java/JavaVirtualMachines/jdk1.8.0_51.jdk/Contents/Home/jre/lib/ext/nashorn.jar:/Library/Java/JavaVirtualMachines/jdk1.8.0_51.jdk/Contents/Home/jre/lib/ext/sunec.jar:/Library/Java/JavaVirtualMachines/jdk1.8.0_51.jdk/Contents/Home/jre/lib/ext/sunjce_provider.jar:/Library/Java/JavaVirtualMachines/jdk1.8.0_51.jdk/Contents/Home/jre/lib/ext/sunpkcs11.jar:/Library/Java/JavaVirtualMachines/jdk1.8.0_51.jdk/Contents/Home/jre/lib/ext/zipfs.jar:/Library/Java/JavaVirtualMachines/jdk1.8.0_51.jdk/Contents/Home/jre/lib/javaws.jar:/Library/Java/JavaVirtualMachines/jdk1.8.0_51.jdk/Contents/Home/jre/lib/jce.jar:/Library/Java/JavaVirtualMachines/jdk1.8.0_51.jdk/Contents/Home/jre/lib/jfr.jar:/Library/Java/JavaVirtualMachines/jdk1.8.0_51.jdk/Contents/Home/jre/lib/jfxswt.jar:/Library/Java/JavaVirtualMachines/jdk1.8.0_51.jdk/Contents/Home/jre/lib/jsse.jar:/Library/Java/JavaVirtualMachines/jdk1.8.0_51.jdk/Contents/Home/jre/lib/junit-4.12.jar:/Library/Java/JavaVirtualMachines/jdk1.8.0_51.jdk/Contents/Home/jre/lib/management-agent.jar:/Library/Java/JavaVirtualMachines/jdk1.8.0_51.jdk/Contents/Home/jre/lib/plugin.jar:/Library/Java/JavaVirtualMachines/jdk1.8.0_51.jdk/Contents/Home/jre/lib/resources.jar:/Library/Java/JavaVirtualMachines/jdk1.8.0_51.jdk/Contents/Home/jre/lib/rt.jar:/Library/Java/JavaVirtualMachines/jdk1.8.0_51.jdk/Contents/Home/lib/ant-javafx.jar:/Library/Java/JavaVirtualMachines/jdk1.8.0_5
Launcher Type: SUN_STANDARD

Environment Variables:
PATH=/usr/local/bin:/usr/bin:/bin:/usr/sbin:/sbin:/Users/macbookpro/Library/Android/sdk/platform-tools/:/Users/macbookpro/Library/Android/sdk/platform-tools/:/Users/macbookpro/Library/Android/sdk/platform-tools/
SHELL=/bin/bash

Signal Handlers:
SIGSEGV: [libjvm.dylib+0x58ef35], sa_mask[0]=11111111011111110111111111111111, sa_flags=SA_ONSTACK|SA_RESTART|SA_SIGINFO
SIGBUS: [libjvm.dylib+0x58ef35], sa_mask[0]=11111111011111110111111111111111, sa_flags=SA_RESTART|SA_SIGINFO
SIGFPE: [libjvm.dylib+0x46c028], sa_mask[0]=11111111011111110111111111111111, sa_flags=SA_RESTART|SA_SIGINFO
SIGPIPE: [libjvm.dylib+0x46c028], sa_mask[0]=11111111011111110111111111111111, sa_flags=SA_RESTART|SA_SIGINFO
SIGXFSZ: [libjvm.dylib+0x46c028], sa_mask[0]=11111111011111110111111111111111, sa_flags=SA_RESTART|SA_SIGINFO
SIGILL: [libjvm.dylib+0x46c028], sa_mask[0]=11111111011111110111111111111111, sa_flags=SA_RESTART|SA_SIGINFO
SIGUSR1: SIG_DFL, sa_mask[0]=00000000000000000000000000000000, sa_flags=none
SIGUSR2: [libjvm.dylib+0x46bb46], sa_mask[0]=00100000000000000000000000000000, sa_flags=SA_RESTART|SA_SIGINFO
SIGHUP: [libjvm.dylib+0x46a119], sa_mask[0]=11111111011111110111111111111111, sa_flags=SA_RESTART|SA_SIGINFO
SIGINT: [libjvm.dylib+0x46a119], sa_mask[0]=11111111011111110111111111111111, sa_flags=SA_RESTART|SA_SIGINFO
SIGTERM: [libjvm.dylib+0x46a119], sa_mask[0]=11111111011111110111111111111111, sa_flags=SA_RESTART|SA_SIGINFO
SIGQUIT: [libjvm.dylib+0x46a119], sa_mask[0]=11111111011111110111111111111111, sa_flags=SA_RESTART|SA_SIGINFO


---------------  S Y S T E M  ---------------

OS:Bsduname:Darwin 18.7.0 Darwin Kernel Version 18.7.0: Thu Jan 23 06:52:12 PST 2020; root:xnu-4903.278.25~1/RELEASE_X86_64 x86_64
rlimit: STACK 8192k, CORE 0k, NPROC 709, NOFILE 10240, AS infinity
load average:4.08 3.43 3.13

CPU:total 4 (2 cores per cpu, 2 threads per core) family 6 model 58 stepping 9, cmov, cx8, fxsr, mmx, sse, sse2, sse3, ssse3, sse4.1, sse4.2, popcnt, avx, aes, clmul, erms, ht, tsc, tscinvbit, tscinv

Memory: 4k page, physical 8388608k(22864k free)

/proc/meminfo:


vm_info: Java HotSpot(TM) 64-Bit Server VM (25.51-b03) for bsd-amd64 JRE (1.8.0_51-b16), built on Jun  8 2015 18:01:11 by "java_re" with gcc 4.2.1 (Based on Apple Inc. build 5658) (LLVM build 2336.11.00)

time: Mon Apr  6 22:51:40 2020
elapsed time: 4 seconds (0d 0h 0m 4s)

